{"/Users/emmahyde/personal/thinking-patterns/src/base/BaseToolServer.ts": {"path":"/Users/emmahyde/personal/thinking-patterns/src/base/BaseToolServer.ts","statementMap":{"0":{"start":{"line":1,"column":0},"end":{"line":1,"column":24}},"1":{"start":{"line":33,"column":4},"end":{"line":33,"column":25}},"2":{"start":{"line":43,"column":4},"end":{"line":53,"column":5}},"3":{"start":{"line":44,"column":6},"end":{"line":44,"column":38}},"4":{"start":{"line":46,"column":6},"end":{"line":51,"column":7}},"5":{"start":{"line":47,"column":30},"end":{"line":49,"column":20}},"6":{"start":{"line":48,"column":10},"end":{"line":48,"column":49}},"7":{"start":{"line":50,"column":8},"end":{"line":50,"column":63}},"8":{"start":{"line":52,"column":6},"end":{"line":52,"column":18}},"9":{"start":{"line":71,"column":4},"end":{"line":98,"column":5}},"10":{"start":{"line":73,"column":29},"end":{"line":73,"column":52}},"11":{"start":{"line":76,"column":21},"end":{"line":76,"column":48}},"12":{"start":{"line":79,"column":6},"end":{"line":84,"column":8}},"13":{"start":{"line":87,"column":6},"end":{"line":97,"column":8}},"14":{"start":{"line":107,"column":4},"end":{"line":110,"column":7}},"15":{"start":{"line":119,"column":4},"end":{"line":126,"column":7}},"16":{"start":{"line":25,"column":0},"end":{"line":25,"column":22}},"17":{"start":{"line":141,"column":4},"end":{"line":141,"column":48}},"18":{"start":{"line":150,"column":4},"end":{"line":150,"column":55}},"19":{"start":{"line":150,"column":35},"end":{"line":150,"column":53}},"20":{"start":{"line":158,"column":4},"end":{"line":158,"column":27}},"21":{"start":{"line":170,"column":4},"end":{"line":178,"column":8}},"22":{"start":{"line":170,"column":35},"end":{"line":178,"column":6}},"23":{"start":{"line":133,"column":0},"end":{"line":133,"column":13}},"24":{"start":{"line":134,"column":17},"end":{"line":134,"column":49}}},"fnMap":{"0":{"name":"(anonymous_0)","decl":{"start":{"line":32,"column":2},"end":{"line":32,"column":14}},"loc":{"start":{"line":32,"column":38},"end":{"line":34,"column":3}}},"1":{"name":"(anonymous_1)","decl":{"start":{"line":42,"column":12},"end":{"line":42,"column":20}},"loc":{"start":{"line":42,"column":35},"end":{"line":54,"column":3}}},"2":{"name":"(anonymous_2)","decl":{"start":{"line":47,"column":47},"end":{"line":47,"column":50}},"loc":{"start":{"line":48,"column":10},"end":{"line":48,"column":49}}},"3":{"name":"(anonymous_3)","decl":{"start":{"line":70,"column":9},"end":{"line":70,"column":12}},"loc":{"start":{"line":70,"column":30},"end":{"line":99,"column":3}}},"4":{"name":"(anonymous_4)","decl":{"start":{"line":106,"column":12},"end":{"line":106,"column":26}},"loc":{"start":{"line":106,"column":39},"end":{"line":111,"column":3}}},"5":{"name":"(anonymous_5)","decl":{"start":{"line":118,"column":12},"end":{"line":118,"column":23}},"loc":{"start":{"line":118,"column":36},"end":{"line":127,"column":3}}},"6":{"name":"(anonymous_6)","decl":{"start":{"line":140,"column":2},"end":{"line":140,"column":8}},"loc":{"start":{"line":140,"column":64},"end":{"line":142,"column":3}}},"7":{"name":"(anonymous_7)","decl":{"start":{"line":149,"column":2},"end":{"line":149,"column":8}},"loc":{"start":{"line":149,"column":30},"end":{"line":151,"column":3}}},"8":{"name":"(anonymous_8)","decl":{"start":{"line":150,"column":27},"end":{"line":150,"column":31}},"loc":{"start":{"line":150,"column":35},"end":{"line":150,"column":53}}},"9":{"name":"(anonymous_9)","decl":{"start":{"line":157,"column":2},"end":{"line":157,"column":8}},"loc":{"start":{"line":157,"column":20},"end":{"line":159,"column":3}}},"10":{"name":"(anonymous_10)","decl":{"start":{"line":165,"column":2},"end":{"line":165,"column":8}},"loc":{"start":{"line":165,"column":27},"end":{"line":179,"column":3}}},"11":{"name":"(anonymous_11)","decl":{"start":{"line":170,"column":26},"end":{"line":170,"column":30}},"loc":{"start":{"line":170,"column":35},"end":{"line":178,"column":6}}}},"branchMap":{"0":{"loc":{"start":{"line":46,"column":6},"end":{"line":51,"column":7}},"type":"if","locations":[{"start":{"line":46,"column":6},"end":{"line":51,"column":7}}]},"1":{"loc":{"start":{"line":91,"column":19},"end":{"line":91,"column":73}},"type":"cond-expr","locations":[{"start":{"line":91,"column":44},"end":{"line":91,"column":57}},{"start":{"line":91,"column":60},"end":{"line":91,"column":73}}]},"2":{"loc":{"start":{"line":172,"column":19},"end":{"line":172,"column":73}},"type":"binary-expr","locations":[{"start":{"line":172,"column":19},"end":{"line":172,"column":35}},{"start":{"line":172,"column":39},"end":{"line":172,"column":73}}]}},"s":{"0":3,"1":104,"2":67,"3":67,"4":18,"5":18,"6":33,"7":18,"8":0,"9":58,"10":58,"11":47,"12":43,"13":15,"14":1,"15":1,"16":3,"17":246,"18":155,"19":5114,"20":8,"21":11,"22":109,"23":3,"24":3},"f":{"0":104,"1":67,"2":33,"3":58,"4":1,"5":1,"6":246,"7":155,"8":5114,"9":8,"10":11,"11":109},"b":{"0":[18],"1":[14,1],"2":[109,3]}}
,"/Users/emmahyde/personal/thinking-patterns/src/base/toolRegistry.ts": {"path":"/Users/emmahyde/personal/thinking-patterns/src/base/toolRegistry.ts","statementMap":{"0":{"start":{"line":10,"column":4},"end":{"line":10,"column":25}},"1":{"start":{"line":16,"column":4},"end":{"line":25,"column":6}},"2":{"start":{"line":34,"column":2},"end":{"line":39,"column":5}},"3":{"start":{"line":57,"column":2},"end":{"line":57,"column":43}},"4":{"start":{"line":67,"column":15},"end":{"line":67,"column":46}},"5":{"start":{"line":69,"column":2},"end":{"line":81,"column":3}},"6":{"start":{"line":70,"column":4},"end":{"line":80,"column":6}},"7":{"start":{"line":83,"column":2},"end":{"line":83,"column":37}}},"fnMap":{"0":{"name":"(anonymous_0)","decl":{"start":{"line":9,"column":2},"end":{"line":9,"column":null}},"loc":{"start":{"line":9,"column":2},"end":{"line":11,"column":3}}},"1":{"name":"(anonymous_1)","decl":{"start":{"line":13,"column":12},"end":{"line":13,"column":18}},"loc":{"start":{"line":13,"column":42},"end":{"line":26,"column":3}}},"2":{"name":"initializeToolRegistry","decl":{"start":{"line":32,"column":16},"end":{"line":32,"column":38}},"loc":{"start":{"line":32,"column":38},"end":{"line":47,"column":1}}},"3":{"name":"getToolDefinitions","decl":{"start":{"line":52,"column":16},"end":{"line":52,"column":34}},"loc":{"start":{"line":52,"column":34},"end":{"line":58,"column":1}}},"4":{"name":"processToolRequest","decl":{"start":{"line":63,"column":16},"end":{"line":63,"column":34}},"loc":{"start":{"line":63,"column":72},"end":{"line":84,"column":1}}}},"branchMap":{"0":{"loc":{"start":{"line":69,"column":2},"end":{"line":81,"column":3}},"type":"if","locations":[{"start":{"line":69,"column":2},"end":{"line":81,"column":3}}]}},"s":{"0":0,"1":0,"2":0,"3":0,"4":0,"5":0,"6":0,"7":0},"f":{"0":0,"1":0,"2":0,"3":0,"4":0},"b":{"0":[0]}}
,"/Users/emmahyde/personal/thinking-patterns/src/errors/CustomErrors.ts": {"path":"/Users/emmahyde/personal/thinking-patterns/src/errors/CustomErrors.ts","statementMap":{"0":{"start":{"line":6,"column":4},"end":{"line":6,"column":19}},"1":{"start":{"line":7,"column":4},"end":{"line":7,"column":34}},"2":{"start":{"line":8,"column":4},"end":{"line":8,"column":35}},"3":{"start":{"line":9,"column":4},"end":{"line":9,"column":84}},"4":{"start":{"line":13,"column":4},"end":{"line":18,"column":6}},"5":{"start":{"line":1,"column":0},"end":{"line":1,"column":13}},"6":{"start":{"line":27,"column":4},"end":{"line":27,"column":19}},"7":{"start":{"line":28,"column":4},"end":{"line":28,"column":29}},"8":{"start":{"line":29,"column":4},"end":{"line":29,"column":30}},"9":{"start":{"line":30,"column":4},"end":{"line":30,"column":31}},"10":{"start":{"line":34,"column":4},"end":{"line":39,"column":6}},"11":{"start":{"line":22,"column":0},"end":{"line":22,"column":13}},"12":{"start":{"line":48,"column":4},"end":{"line":48,"column":19}},"13":{"start":{"line":49,"column":4},"end":{"line":49,"column":32}},"14":{"start":{"line":50,"column":4},"end":{"line":50,"column":33}},"15":{"start":{"line":51,"column":4},"end":{"line":51,"column":29}},"16":{"start":{"line":55,"column":4},"end":{"line":60,"column":6}},"17":{"start":{"line":43,"column":0},"end":{"line":43,"column":13}},"18":{"start":{"line":69,"column":4},"end":{"line":69,"column":19}},"19":{"start":{"line":70,"column":4},"end":{"line":70,"column":34}},"20":{"start":{"line":71,"column":4},"end":{"line":71,"column":35}},"21":{"start":{"line":72,"column":4},"end":{"line":72,"column":84}},"22":{"start":{"line":76,"column":4},"end":{"line":81,"column":6}},"23":{"start":{"line":64,"column":0},"end":{"line":64,"column":13}}},"fnMap":{"0":{"name":"(anonymous_0)","decl":{"start":{"line":5,"column":2},"end":{"line":5,"column":14}},"loc":{"start":{"line":5,"column":60},"end":{"line":10,"column":3}}},"1":{"name":"(anonymous_1)","decl":{"start":{"line":12,"column":2},"end":{"line":12,"column":8}},"loc":{"start":{"line":12,"column":8},"end":{"line":19,"column":3}}},"2":{"name":"(anonymous_2)","decl":{"start":{"line":26,"column":2},"end":{"line":26,"column":14}},"loc":{"start":{"line":26,"column":49},"end":{"line":31,"column":3}}},"3":{"name":"(anonymous_3)","decl":{"start":{"line":33,"column":2},"end":{"line":33,"column":8}},"loc":{"start":{"line":33,"column":8},"end":{"line":40,"column":3}}},"4":{"name":"(anonymous_4)","decl":{"start":{"line":47,"column":2},"end":{"line":47,"column":14}},"loc":{"start":{"line":47,"column":90},"end":{"line":52,"column":3}}},"5":{"name":"(anonymous_5)","decl":{"start":{"line":54,"column":2},"end":{"line":54,"column":8}},"loc":{"start":{"line":54,"column":8},"end":{"line":61,"column":3}}},"6":{"name":"(anonymous_6)","decl":{"start":{"line":68,"column":2},"end":{"line":68,"column":14}},"loc":{"start":{"line":68,"column":60},"end":{"line":73,"column":3}}},"7":{"name":"(anonymous_7)","decl":{"start":{"line":75,"column":2},"end":{"line":75,"column":8}},"loc":{"start":{"line":75,"column":8},"end":{"line":82,"column":3}}}},"branchMap":{"0":{"loc":{"start":{"line":9,"column":19},"end":{"line":9,"column":83}},"type":"cond-expr","locations":[{"start":{"line":9,"column":38},"end":{"line":9,"column":42}},{"start":{"line":9,"column":46},"end":{"line":9,"column":82}}]},"1":{"loc":{"start":{"line":9,"column":46},"end":{"line":9,"column":82}},"type":"cond-expr","locations":[{"start":{"line":9,"column":56},"end":{"line":9,"column":70}},{"start":{"line":9,"column":73},"end":{"line":9,"column":82}}]},"2":{"loc":{"start":{"line":47,"column":31},"end":{"line":47,"column":90}},"type":"default-arg","locations":[{"start":{"line":47,"column":82},"end":{"line":47,"column":90}}]},"3":{"loc":{"start":{"line":72,"column":19},"end":{"line":72,"column":83}},"type":"cond-expr","locations":[{"start":{"line":72,"column":38},"end":{"line":72,"column":42}},{"start":{"line":72,"column":46},"end":{"line":72,"column":82}}]},"4":{"loc":{"start":{"line":72,"column":46},"end":{"line":72,"column":82}},"type":"cond-expr","locations":[{"start":{"line":72,"column":56},"end":{"line":72,"column":70}},{"start":{"line":72,"column":73},"end":{"line":72,"column":82}}]}},"s":{"0":17,"1":17,"2":17,"3":17,"4":1,"5":1,"6":9,"7":9,"8":9,"9":9,"10":1,"11":1,"12":12,"13":12,"14":12,"15":12,"16":1,"17":1,"18":13,"19":13,"20":13,"21":13,"22":1,"23":1},"f":{"0":17,"1":1,"2":9,"3":1,"4":12,"5":1,"6":13,"7":1},"b":{"0":[1,16],"1":[9,7],"2":[3],"3":[1,12],"4":[6,6]}}
,"/Users/emmahyde/personal/thinking-patterns/src/schemas/ThoughtSchema.ts": {"path":"/Users/emmahyde/personal/thinking-patterns/src/schemas/ThoughtSchema.ts","statementMap":{"0":{"start":{"line":1,"column":0},"end":{"line":1,"column":24}},"1":{"start":{"line":4,"column":13},"end":{"line":10,"column":3}},"2":{"start":{"line":13,"column":13},"end":{"line":18,"column":3}},"3":{"start":{"line":21,"column":13},"end":{"line":25,"column":3}},"4":{"start":{"line":28,"column":13},"end":{"line":32,"column":3}},"5":{"start":{"line":35,"column":13},"end":{"line":49,"column":3}},"6":{"start":{"line":52,"column":13},"end":{"line":57,"column":3}}},"fnMap":{},"branchMap":{},"s":{"0":4,"1":4,"2":4,"3":4,"4":4,"5":4,"6":4},"f":{},"b":{}}
,"/Users/emmahyde/personal/thinking-patterns/src/servers/DebuggingApproachServer.ts": {"path":"/Users/emmahyde/personal/thinking-patterns/src/servers/DebuggingApproachServer.ts","statementMap":{"0":{"start":{"line":14,"column":17},"end":{"line":14,"column":49}},"1":{"start":{"line":16,"column":4},"end":{"line":18,"column":5}},"2":{"start":{"line":17,"column":6},"end":{"line":17,"column":64}},"3":{"start":{"line":19,"column":4},"end":{"line":21,"column":5}},"4":{"start":{"line":20,"column":6},"end":{"line":20,"column":57}},"5":{"start":{"line":22,"column":4},"end":{"line":24,"column":5}},"6":{"start":{"line":22,"column":64},"end":{"line":22,"column":88}},"7":{"start":{"line":23,"column":6},"end":{"line":23,"column":68}},"8":{"start":{"line":25,"column":4},"end":{"line":27,"column":5}},"9":{"start":{"line":26,"column":6},"end":{"line":26,"column":60}},"10":{"start":{"line":28,"column":4},"end":{"line":30,"column":5}},"11":{"start":{"line":29,"column":6},"end":{"line":29,"column":62}},"12":{"start":{"line":32,"column":4},"end":{"line":38,"column":6}},"13":{"start":{"line":42,"column":17},"end":{"line":42,"column":69}},"14":{"start":{"line":43,"column":4},"end":{"line":43,"column":50}},"15":{"start":{"line":46,"column":26},"end":{"line":46,"column":62}},"16":{"start":{"line":47,"column":4},"end":{"line":50,"column":43}},"17":{"start":{"line":52,"column":4},"end":{"line":52,"column":48}},"18":{"start":{"line":55,"column":4},"end":{"line":64,"column":5}},"19":{"start":{"line":56,"column":25},"end":{"line":56,"column":58}},"20":{"start":{"line":57,"column":6},"end":{"line":57,"column":48}},"21":{"start":{"line":59,"column":6},"end":{"line":61,"column":9}},"22":{"start":{"line":60,"column":8},"end":{"line":60,"column":43}},"23":{"start":{"line":63,"column":6},"end":{"line":63,"column":47}},"24":{"start":{"line":67,"column":4},"end":{"line":67,"column":50}},"25":{"start":{"line":68,"column":4},"end":{"line":68,"column":45}},"26":{"start":{"line":71,"column":4},"end":{"line":71,"column":50}},"27":{"start":{"line":72,"column":4},"end":{"line":72,"column":47}},"28":{"start":{"line":74,"column":4},"end":{"line":74,"column":18}},"29":{"start":{"line":82,"column":4},"end":{"line":100,"column":5}},"30":{"start":{"line":83,"column":28},"end":{"line":83,"column":60}},"31":{"start":{"line":84,"column":30},"end":{"line":84,"column":70}},"32":{"start":{"line":86,"column":6},"end":{"line":86,"column":37}},"33":{"start":{"line":88,"column":6},"end":{"line":91,"column":8}},"34":{"start":{"line":93,"column":27},"end":{"line":93,"column":92}},"35":{"start":{"line":94,"column":6},"end":{"line":94,"column":78}},"36":{"start":{"line":96,"column":6},"end":{"line":99,"column":8}}},"fnMap":{"0":{"name":"(anonymous_0)","decl":{"start":{"line":13,"column":10},"end":{"line":13,"column":30}},"loc":{"start":{"line":13,"column":45},"end":{"line":39,"column":3}}},"1":{"name":"(anonymous_1)","decl":{"start":{"line":22,"column":56},"end":{"line":22,"column":60}},"loc":{"start":{"line":22,"column":64},"end":{"line":22,"column":88}}},"2":{"name":"(anonymous_2)","decl":{"start":{"line":41,"column":10},"end":{"line":41,"column":30}},"loc":{"start":{"line":41,"column":66},"end":{"line":75,"column":3}}},"3":{"name":"(anonymous_3)","decl":{"start":{"line":59,"column":33},"end":{"line":59,"column":34}},"loc":{"start":{"line":59,"column":49},"end":{"line":61,"column":7}}},"4":{"name":"(anonymous_4)","decl":{"start":{"line":77,"column":9},"end":{"line":77,"column":24}},"loc":{"start":{"line":77,"column":39},"end":{"line":101,"column":3}}}},"branchMap":{"0":{"loc":{"start":{"line":16,"column":4},"end":{"line":18,"column":5}},"type":"if","locations":[{"start":{"line":16,"column":4},"end":{"line":18,"column":5}}]},"1":{"loc":{"start":{"line":16,"column":8},"end":{"line":16,"column":67}},"type":"binary-expr","locations":[{"start":{"line":16,"column":8},"end":{"line":16,"column":26}},{"start":{"line":16,"column":30},"end":{"line":16,"column":67}}]},"2":{"loc":{"start":{"line":19,"column":4},"end":{"line":21,"column":5}},"type":"if","locations":[{"start":{"line":19,"column":4},"end":{"line":21,"column":5}}]},"3":{"loc":{"start":{"line":19,"column":8},"end":{"line":19,"column":53}},"type":"binary-expr","locations":[{"start":{"line":19,"column":8},"end":{"line":19,"column":19}},{"start":{"line":19,"column":23},"end":{"line":19,"column":53}}]},"4":{"loc":{"start":{"line":22,"column":4},"end":{"line":24,"column":5}},"type":"if","locations":[{"start":{"line":22,"column":4},"end":{"line":24,"column":5}}]},"5":{"loc":{"start":{"line":22,"column":8},"end":{"line":22,"column":89}},"type":"binary-expr","locations":[{"start":{"line":22,"column":8},"end":{"line":22,"column":34}},{"start":{"line":22,"column":38},"end":{"line":22,"column":89}}]},"6":{"loc":{"start":{"line":25,"column":4},"end":{"line":27,"column":5}},"type":"if","locations":[{"start":{"line":25,"column":4},"end":{"line":27,"column":5}}]},"7":{"loc":{"start":{"line":25,"column":8},"end":{"line":25,"column":59}},"type":"binary-expr","locations":[{"start":{"line":25,"column":8},"end":{"line":25,"column":22}},{"start":{"line":25,"column":26},"end":{"line":25,"column":59}}]},"8":{"loc":{"start":{"line":28,"column":4},"end":{"line":30,"column":5}},"type":"if","locations":[{"start":{"line":28,"column":4},"end":{"line":30,"column":5}}]},"9":{"loc":{"start":{"line":28,"column":8},"end":{"line":28,"column":63}},"type":"binary-expr","locations":[{"start":{"line":28,"column":8},"end":{"line":28,"column":24}},{"start":{"line":28,"column":28},"end":{"line":28,"column":63}}]},"10":{"loc":{"start":{"line":55,"column":4},"end":{"line":64,"column":5}},"type":"if","locations":[{"start":{"line":55,"column":4},"end":{"line":64,"column":5}}]},"11":{"loc":{"start":{"line":93,"column":27},"end":{"line":93,"column":92}},"type":"cond-expr","locations":[{"start":{"line":93,"column":52},"end":{"line":93,"column":65}},{"start":{"line":93,"column":68},"end":{"line":93,"column":92}}]}},"s":{"0":0,"1":0,"2":0,"3":0,"4":0,"5":0,"6":0,"7":0,"8":0,"9":0,"10":0,"11":0,"12":0,"13":0,"14":0,"15":0,"16":0,"17":0,"18":0,"19":0,"20":0,"21":0,"22":0,"23":0,"24":0,"25":0,"26":0,"27":0,"28":0,"29":0,"30":0,"31":0,"32":0,"33":0,"34":0,"35":0,"36":0},"f":{"0":0,"1":0,"2":0,"3":0,"4":0},"b":{"0":[0],"1":[0,0],"2":[0],"3":[0,0],"4":[0],"5":[0,0],"6":[0],"7":[0,0],"8":[0],"9":[0,0],"10":[0],"11":[0,0]}}
,"/Users/emmahyde/personal/thinking-patterns/src/servers/MentalModelServer.ts": {"path":"/Users/emmahyde/personal/thinking-patterns/src/servers/MentalModelServer.ts","statementMap":{"0":{"start":{"line":14,"column":17},"end":{"line":14,"column":49}},"1":{"start":{"line":16,"column":4},"end":{"line":18,"column":5}},"2":{"start":{"line":17,"column":6},"end":{"line":17,"column":61}},"3":{"start":{"line":19,"column":4},"end":{"line":21,"column":5}},"4":{"start":{"line":20,"column":6},"end":{"line":20,"column":59}},"5":{"start":{"line":22,"column":4},"end":{"line":24,"column":5}},"6":{"start":{"line":22,"column":64},"end":{"line":22,"column":88}},"7":{"start":{"line":23,"column":6},"end":{"line":23,"column":68}},"8":{"start":{"line":25,"column":4},"end":{"line":27,"column":5}},"9":{"start":{"line":26,"column":6},"end":{"line":26,"column":61}},"10":{"start":{"line":28,"column":4},"end":{"line":30,"column":5}},"11":{"start":{"line":29,"column":6},"end":{"line":29,"column":62}},"12":{"start":{"line":32,"column":4},"end":{"line":38,"column":6}},"13":{"start":{"line":42,"column":17},"end":{"line":42,"column":64}},"14":{"start":{"line":43,"column":4},"end":{"line":43,"column":50}},"15":{"start":{"line":46,"column":26},"end":{"line":46,"column":58}},"16":{"start":{"line":47,"column":4},"end":{"line":50,"column":44}},"17":{"start":{"line":52,"column":4},"end":{"line":52,"column":48}},"18":{"start":{"line":55,"column":4},"end":{"line":64,"column":5}},"19":{"start":{"line":56,"column":25},"end":{"line":56,"column":57}},"20":{"start":{"line":57,"column":6},"end":{"line":57,"column":53}},"21":{"start":{"line":59,"column":6},"end":{"line":61,"column":9}},"22":{"start":{"line":60,"column":8},"end":{"line":60,"column":43}},"23":{"start":{"line":63,"column":6},"end":{"line":63,"column":47}},"24":{"start":{"line":67,"column":4},"end":{"line":67,"column":51}},"25":{"start":{"line":68,"column":4},"end":{"line":68,"column":43}},"26":{"start":{"line":71,"column":4},"end":{"line":71,"column":51}},"27":{"start":{"line":72,"column":4},"end":{"line":72,"column":44}},"28":{"start":{"line":74,"column":4},"end":{"line":74,"column":18}},"29":{"start":{"line":82,"column":4},"end":{"line":100,"column":5}},"30":{"start":{"line":83,"column":28},"end":{"line":83,"column":57}},"31":{"start":{"line":84,"column":30},"end":{"line":84,"column":67}},"32":{"start":{"line":86,"column":6},"end":{"line":86,"column":37}},"33":{"start":{"line":88,"column":6},"end":{"line":91,"column":8}},"34":{"start":{"line":93,"column":27},"end":{"line":93,"column":92}},"35":{"start":{"line":94,"column":6},"end":{"line":94,"column":72}},"36":{"start":{"line":96,"column":6},"end":{"line":99,"column":8}}},"fnMap":{"0":{"name":"(anonymous_0)","decl":{"start":{"line":13,"column":10},"end":{"line":13,"column":27}},"loc":{"start":{"line":13,"column":42},"end":{"line":39,"column":3}}},"1":{"name":"(anonymous_1)","decl":{"start":{"line":22,"column":56},"end":{"line":22,"column":60}},"loc":{"start":{"line":22,"column":64},"end":{"line":22,"column":88}}},"2":{"name":"(anonymous_2)","decl":{"start":{"line":41,"column":10},"end":{"line":41,"column":27}},"loc":{"start":{"line":41,"column":54},"end":{"line":75,"column":3}}},"3":{"name":"(anonymous_3)","decl":{"start":{"line":59,"column":30},"end":{"line":59,"column":31}},"loc":{"start":{"line":59,"column":46},"end":{"line":61,"column":7}}},"4":{"name":"(anonymous_4)","decl":{"start":{"line":77,"column":9},"end":{"line":77,"column":21}},"loc":{"start":{"line":77,"column":36},"end":{"line":101,"column":3}}}},"branchMap":{"0":{"loc":{"start":{"line":16,"column":4},"end":{"line":18,"column":5}},"type":"if","locations":[{"start":{"line":16,"column":4},"end":{"line":18,"column":5}}]},"1":{"loc":{"start":{"line":16,"column":8},"end":{"line":16,"column":61}},"type":"binary-expr","locations":[{"start":{"line":16,"column":8},"end":{"line":16,"column":23}},{"start":{"line":16,"column":27},"end":{"line":16,"column":61}}]},"2":{"loc":{"start":{"line":19,"column":4},"end":{"line":21,"column":5}},"type":"if","locations":[{"start":{"line":19,"column":4},"end":{"line":21,"column":5}}]},"3":{"loc":{"start":{"line":19,"column":8},"end":{"line":19,"column":57}},"type":"binary-expr","locations":[{"start":{"line":19,"column":8},"end":{"line":19,"column":21}},{"start":{"line":19,"column":25},"end":{"line":19,"column":57}}]},"4":{"loc":{"start":{"line":22,"column":4},"end":{"line":24,"column":5}},"type":"if","locations":[{"start":{"line":22,"column":4},"end":{"line":24,"column":5}}]},"5":{"loc":{"start":{"line":22,"column":8},"end":{"line":22,"column":89}},"type":"binary-expr","locations":[{"start":{"line":22,"column":8},"end":{"line":22,"column":34}},{"start":{"line":22,"column":38},"end":{"line":22,"column":89}}]},"6":{"loc":{"start":{"line":25,"column":4},"end":{"line":27,"column":5}},"type":"if","locations":[{"start":{"line":25,"column":4},"end":{"line":27,"column":5}}]},"7":{"loc":{"start":{"line":25,"column":8},"end":{"line":25,"column":61}},"type":"binary-expr","locations":[{"start":{"line":25,"column":8},"end":{"line":25,"column":23}},{"start":{"line":25,"column":27},"end":{"line":25,"column":61}}]},"8":{"loc":{"start":{"line":28,"column":4},"end":{"line":30,"column":5}},"type":"if","locations":[{"start":{"line":28,"column":4},"end":{"line":30,"column":5}}]},"9":{"loc":{"start":{"line":28,"column":8},"end":{"line":28,"column":63}},"type":"binary-expr","locations":[{"start":{"line":28,"column":8},"end":{"line":28,"column":24}},{"start":{"line":28,"column":28},"end":{"line":28,"column":63}}]},"10":{"loc":{"start":{"line":55,"column":4},"end":{"line":64,"column":5}},"type":"if","locations":[{"start":{"line":55,"column":4},"end":{"line":64,"column":5}}]},"11":{"loc":{"start":{"line":93,"column":27},"end":{"line":93,"column":92}},"type":"cond-expr","locations":[{"start":{"line":93,"column":52},"end":{"line":93,"column":65}},{"start":{"line":93,"column":68},"end":{"line":93,"column":92}}]}},"s":{"0":0,"1":0,"2":0,"3":0,"4":0,"5":0,"6":0,"7":0,"8":0,"9":0,"10":0,"11":0,"12":0,"13":0,"14":0,"15":0,"16":0,"17":0,"18":0,"19":0,"20":0,"21":0,"22":0,"23":0,"24":0,"25":0,"26":0,"27":0,"28":0,"29":0,"30":0,"31":0,"32":0,"33":0,"34":0,"35":0,"36":0},"f":{"0":0,"1":0,"2":0,"3":0,"4":0},"b":{"0":[0],"1":[0,0],"2":[0],"3":[0,0],"4":[0],"5":[0,0],"6":[0],"7":[0,0],"8":[0],"9":[0,0],"10":[0],"11":[0,0]}}
,"/Users/emmahyde/personal/thinking-patterns/src/servers/ScientificMethodServer.ts": {"path":"/Users/emmahyde/personal/thinking-patterns/src/servers/ScientificMethodServer.ts","statementMap":{"0":{"start":{"line":59,"column":17},"end":{"line":59,"column":47}},"1":{"start":{"line":61,"column":4},"end":{"line":63,"column":5}},"2":{"start":{"line":62,"column":6},"end":{"line":62,"column":57}},"3":{"start":{"line":65,"column":24},"end":{"line":65,"column":118}},"4":{"start":{"line":66,"column":4},"end":{"line":68,"column":5}},"5":{"start":{"line":67,"column":6},"end":{"line":67,"column":81}},"6":{"start":{"line":70,"column":4},"end":{"line":72,"column":5}},"7":{"start":{"line":71,"column":6},"end":{"line":71,"column":61}},"8":{"start":{"line":73,"column":4},"end":{"line":75,"column":5}},"9":{"start":{"line":74,"column":6},"end":{"line":74,"column":61}},"10":{"start":{"line":76,"column":4},"end":{"line":78,"column":5}},"11":{"start":{"line":77,"column":6},"end":{"line":77,"column":68}},"12":{"start":{"line":80,"column":4},"end":{"line":80,"column":41}},"13":{"start":{"line":84,"column":24},"end":{"line":92,"column":6}},"14":{"start":{"line":94,"column":17},"end":{"line":94,"column":68}},"15":{"start":{"line":95,"column":4},"end":{"line":95,"column":50}},"16":{"start":{"line":98,"column":26},"end":{"line":98,"column":60}},"17":{"start":{"line":99,"column":4},"end":{"line":104,"column":76}},"18":{"start":{"line":106,"column":4},"end":{"line":106,"column":48}},"19":{"start":{"line":109,"column":4},"end":{"line":154,"column":5}},"20":{"start":{"line":111,"column":8},"end":{"line":114,"column":9}},"21":{"start":{"line":112,"column":10},"end":{"line":112,"column":60}},"22":{"start":{"line":113,"column":10},"end":{"line":113,"column":46}},"23":{"start":{"line":115,"column":8},"end":{"line":115,"column":14}},"24":{"start":{"line":118,"column":8},"end":{"line":121,"column":9}},"25":{"start":{"line":119,"column":10},"end":{"line":119,"column":62}},"26":{"start":{"line":120,"column":10},"end":{"line":120,"column":43}},"27":{"start":{"line":122,"column":8},"end":{"line":122,"column":14}},"28":{"start":{"line":125,"column":8},"end":{"line":127,"column":9}},"29":{"start":{"line":126,"column":10},"end":{"line":126,"column":59}},"30":{"start":{"line":128,"column":8},"end":{"line":128,"column":14}},"31":{"start":{"line":131,"column":8},"end":{"line":133,"column":9}},"32":{"start":{"line":132,"column":10},"end":{"line":132,"column":59}},"33":{"start":{"line":134,"column":8},"end":{"line":134,"column":14}},"34":{"start":{"line":137,"column":8},"end":{"line":140,"column":9}},"35":{"start":{"line":138,"column":10},"end":{"line":138,"column":55}},"36":{"start":{"line":139,"column":10},"end":{"line":139,"column":43}},"37":{"start":{"line":141,"column":8},"end":{"line":141,"column":14}},"38":{"start":{"line":144,"column":8},"end":{"line":147,"column":9}},"39":{"start":{"line":145,"column":10},"end":{"line":145,"column":59}},"40":{"start":{"line":146,"column":10},"end":{"line":146,"column":45}},"41":{"start":{"line":148,"column":8},"end":{"line":148,"column":14}},"42":{"start":{"line":151,"column":8},"end":{"line":151,"column":62}},"43":{"start":{"line":152,"column":8},"end":{"line":152,"column":69}},"44":{"start":{"line":153,"column":8},"end":{"line":153,"column":14}},"45":{"start":{"line":156,"column":4},"end":{"line":156,"column":18}},"46":{"start":{"line":160,"column":17},"end":{"line":160,"column":64}},"47":{"start":{"line":163,"column":28},"end":{"line":163,"column":56}},"48":{"start":{"line":164,"column":4},"end":{"line":171,"column":49}},"49":{"start":{"line":173,"column":4},"end":{"line":175,"column":5}},"50":{"start":{"line":174,"column":6},"end":{"line":174,"column":71}},"51":{"start":{"line":177,"column":4},"end":{"line":177,"column":50}},"52":{"start":{"line":180,"column":4},"end":{"line":193,"column":5}},"53":{"start":{"line":181,"column":29},"end":{"line":181,"column":56}},"54":{"start":{"line":182,"column":6},"end":{"line":182,"column":70}},"55":{"start":{"line":184,"column":6},"end":{"line":190,"column":9}},"56":{"start":{"line":185,"column":8},"end":{"line":189,"column":10}},"57":{"start":{"line":192,"column":6},"end":{"line":192,"column":51}},"58":{"start":{"line":196,"column":4},"end":{"line":202,"column":5}},"59":{"start":{"line":197,"column":6},"end":{"line":197,"column":53}},"60":{"start":{"line":198,"column":6},"end":{"line":200,"column":9}},"61":{"start":{"line":199,"column":8},"end":{"line":199,"column":50}},"62":{"start":{"line":201,"column":6},"end":{"line":201,"column":21}},"63":{"start":{"line":205,"column":4},"end":{"line":211,"column":5}},"64":{"start":{"line":206,"column":6},"end":{"line":206,"column":55}},"65":{"start":{"line":207,"column":6},"end":{"line":209,"column":9}},"66":{"start":{"line":208,"column":8},"end":{"line":208,"column":43}},"67":{"start":{"line":210,"column":6},"end":{"line":210,"column":21}},"68":{"start":{"line":213,"column":4},"end":{"line":213,"column":18}},"69":{"start":{"line":217,"column":17},"end":{"line":217,"column":63}},"70":{"start":{"line":220,"column":28},"end":{"line":220,"column":56}},"71":{"start":{"line":221,"column":4},"end":{"line":226,"column":53}},"72":{"start":{"line":228,"column":4},"end":{"line":230,"column":5}},"73":{"start":{"line":229,"column":6},"end":{"line":229,"column":60}},"74":{"start":{"line":232,"column":4},"end":{"line":234,"column":5}},"75":{"start":{"line":233,"column":6},"end":{"line":233,"column":94}},"76":{"start":{"line":236,"column":4},"end":{"line":236,"column":50}},"77":{"start":{"line":239,"column":4},"end":{"line":252,"column":5}},"78":{"start":{"line":240,"column":31},"end":{"line":240,"column":60}},"79":{"start":{"line":241,"column":6},"end":{"line":241,"column":56}},"80":{"start":{"line":243,"column":6},"end":{"line":249,"column":9}},"81":{"start":{"line":244,"column":8},"end":{"line":248,"column":10}},"82":{"start":{"line":251,"column":6},"end":{"line":251,"column":53}},"83":{"start":{"line":255,"column":4},"end":{"line":261,"column":5}},"84":{"start":{"line":256,"column":6},"end":{"line":256,"column":59}},"85":{"start":{"line":257,"column":6},"end":{"line":259,"column":9}},"86":{"start":{"line":258,"column":8},"end":{"line":258,"column":47}},"87":{"start":{"line":260,"column":6},"end":{"line":260,"column":21}},"88":{"start":{"line":264,"column":4},"end":{"line":270,"column":5}},"89":{"start":{"line":265,"column":6},"end":{"line":265,"column":67}},"90":{"start":{"line":266,"column":6},"end":{"line":268,"column":9}},"91":{"start":{"line":267,"column":8},"end":{"line":267,"column":43}},"92":{"start":{"line":269,"column":6},"end":{"line":269,"column":21}},"93":{"start":{"line":273,"column":4},"end":{"line":279,"column":5}},"94":{"start":{"line":274,"column":6},"end":{"line":274,"column":52}},"95":{"start":{"line":275,"column":6},"end":{"line":277,"column":9}},"96":{"start":{"line":276,"column":8},"end":{"line":276,"column":50}},"97":{"start":{"line":278,"column":6},"end":{"line":278,"column":21}},"98":{"start":{"line":282,"column":4},"end":{"line":288,"column":5}},"99":{"start":{"line":283,"column":6},"end":{"line":283,"column":52}},"100":{"start":{"line":284,"column":6},"end":{"line":286,"column":9}},"101":{"start":{"line":285,"column":8},"end":{"line":285,"column":44}},"102":{"start":{"line":287,"column":6},"end":{"line":287,"column":21}},"103":{"start":{"line":290,"column":4},"end":{"line":290,"column":18}},"104":{"start":{"line":298,"column":4},"end":{"line":316,"column":5}},"105":{"start":{"line":299,"column":28},"end":{"line":299,"column":57}},"106":{"start":{"line":300,"column":30},"end":{"line":300,"column":73}},"107":{"start":{"line":302,"column":6},"end":{"line":302,"column":37}},"108":{"start":{"line":304,"column":6},"end":{"line":307,"column":8}},"109":{"start":{"line":309,"column":27},"end":{"line":309,"column":92}},"110":{"start":{"line":310,"column":6},"end":{"line":310,"column":77}},"111":{"start":{"line":312,"column":6},"end":{"line":315,"column":8}}},"fnMap":{"0":{"name":"(anonymous_0)","decl":{"start":{"line":58,"column":10},"end":{"line":58,"column":27}},"loc":{"start":{"line":58,"column":42},"end":{"line":81,"column":3}}},"1":{"name":"(anonymous_1)","decl":{"start":{"line":83,"column":10},"end":{"line":83,"column":33}},"loc":{"start":{"line":83,"column":61},"end":{"line":157,"column":3}}},"2":{"name":"(anonymous_2)","decl":{"start":{"line":159,"column":10},"end":{"line":159,"column":26}},"loc":{"start":{"line":159,"column":53},"end":{"line":214,"column":3}}},"3":{"name":"(anonymous_3)","decl":{"start":{"line":184,"column":35},"end":{"line":184,"column":43}},"loc":{"start":{"line":184,"column":46},"end":{"line":190,"column":7}}},"4":{"name":"(anonymous_4)","decl":{"start":{"line":198,"column":37},"end":{"line":198,"column":38}},"loc":{"start":{"line":198,"column":59},"end":{"line":200,"column":7}}},"5":{"name":"(anonymous_5)","decl":{"start":{"line":207,"column":39},"end":{"line":207,"column":40}},"loc":{"start":{"line":207,"column":54},"end":{"line":209,"column":7}}},"6":{"name":"(anonymous_6)","decl":{"start":{"line":216,"column":10},"end":{"line":216,"column":26}},"loc":{"start":{"line":216,"column":53},"end":{"line":291,"column":3}}},"7":{"name":"(anonymous_7)","decl":{"start":{"line":243,"column":37},"end":{"line":243,"column":47}},"loc":{"start":{"line":243,"column":50},"end":{"line":249,"column":7}}},"8":{"name":"(anonymous_8)","decl":{"start":{"line":257,"column":41},"end":{"line":257,"column":42}},"loc":{"start":{"line":257,"column":60},"end":{"line":259,"column":7}}},"9":{"name":"(anonymous_9)","decl":{"start":{"line":266,"column":48},"end":{"line":266,"column":49}},"loc":{"start":{"line":266,"column":63},"end":{"line":268,"column":7}}},"10":{"name":"(anonymous_10)","decl":{"start":{"line":275,"column":37},"end":{"line":275,"column":38}},"loc":{"start":{"line":275,"column":59},"end":{"line":277,"column":7}}},"11":{"name":"(anonymous_11)","decl":{"start":{"line":284,"column":35},"end":{"line":284,"column":36}},"loc":{"start":{"line":284,"column":51},"end":{"line":286,"column":7}}},"12":{"name":"(anonymous_12)","decl":{"start":{"line":293,"column":9},"end":{"line":293,"column":32}},"loc":{"start":{"line":293,"column":47},"end":{"line":317,"column":3}}}},"branchMap":{"0":{"loc":{"start":{"line":61,"column":4},"end":{"line":63,"column":5}},"type":"if","locations":[{"start":{"line":61,"column":4},"end":{"line":63,"column":5}}]},"1":{"loc":{"start":{"line":61,"column":8},"end":{"line":61,"column":53}},"type":"binary-expr","locations":[{"start":{"line":61,"column":8},"end":{"line":61,"column":19}},{"start":{"line":61,"column":23},"end":{"line":61,"column":53}}]},"2":{"loc":{"start":{"line":66,"column":4},"end":{"line":68,"column":5}},"type":"if","locations":[{"start":{"line":66,"column":4},"end":{"line":68,"column":5}}]},"3":{"loc":{"start":{"line":70,"column":4},"end":{"line":72,"column":5}},"type":"if","locations":[{"start":{"line":70,"column":4},"end":{"line":72,"column":5}}]},"4":{"loc":{"start":{"line":70,"column":8},"end":{"line":70,"column":61}},"type":"binary-expr","locations":[{"start":{"line":70,"column":8},"end":{"line":70,"column":23}},{"start":{"line":70,"column":27},"end":{"line":70,"column":61}}]},"5":{"loc":{"start":{"line":73,"column":4},"end":{"line":75,"column":5}},"type":"if","locations":[{"start":{"line":73,"column":4},"end":{"line":75,"column":5}}]},"6":{"loc":{"start":{"line":73,"column":8},"end":{"line":73,"column":61}},"type":"binary-expr","locations":[{"start":{"line":73,"column":8},"end":{"line":73,"column":23}},{"start":{"line":73,"column":27},"end":{"line":73,"column":61}}]},"7":{"loc":{"start":{"line":76,"column":4},"end":{"line":78,"column":5}},"type":"if","locations":[{"start":{"line":76,"column":4},"end":{"line":78,"column":5}}]},"8":{"loc":{"start":{"line":104,"column":35},"end":{"line":104,"column":74}},"type":"cond-expr","locations":[{"start":{"line":104,"column":58},"end":{"line":104,"column":65}},{"start":{"line":104,"column":68},"end":{"line":104,"column":74}}]},"9":{"loc":{"start":{"line":109,"column":4},"end":{"line":154,"column":5}},"type":"switch","locations":[{"start":{"line":110,"column":6},"end":{"line":115,"column":14}},{"start":{"line":117,"column":6},"end":{"line":122,"column":14}},{"start":{"line":124,"column":6},"end":{"line":128,"column":14}},{"start":{"line":130,"column":6},"end":{"line":134,"column":14}},{"start":{"line":136,"column":6},"end":{"line":141,"column":14}},{"start":{"line":143,"column":6},"end":{"line":148,"column":14}},{"start":{"line":150,"column":6},"end":{"line":153,"column":14}}]},"10":{"loc":{"start":{"line":111,"column":8},"end":{"line":114,"column":9}},"type":"if","locations":[{"start":{"line":111,"column":8},"end":{"line":114,"column":9}}]},"11":{"loc":{"start":{"line":118,"column":8},"end":{"line":121,"column":9}},"type":"if","locations":[{"start":{"line":118,"column":8},"end":{"line":121,"column":9}}]},"12":{"loc":{"start":{"line":125,"column":8},"end":{"line":127,"column":9}},"type":"if","locations":[{"start":{"line":125,"column":8},"end":{"line":127,"column":9}}]},"13":{"loc":{"start":{"line":131,"column":8},"end":{"line":133,"column":9}},"type":"if","locations":[{"start":{"line":131,"column":8},"end":{"line":133,"column":9}}]},"14":{"loc":{"start":{"line":137,"column":8},"end":{"line":140,"column":9}},"type":"if","locations":[{"start":{"line":137,"column":8},"end":{"line":140,"column":9}}]},"15":{"loc":{"start":{"line":144,"column":8},"end":{"line":147,"column":9}},"type":"if","locations":[{"start":{"line":144,"column":8},"end":{"line":147,"column":9}}]},"16":{"loc":{"start":{"line":173,"column":4},"end":{"line":175,"column":5}},"type":"if","locations":[{"start":{"line":173,"column":4},"end":{"line":175,"column":5}}]},"17":{"loc":{"start":{"line":180,"column":4},"end":{"line":193,"column":5}},"type":"if","locations":[{"start":{"line":180,"column":4},"end":{"line":193,"column":5}}]},"18":{"loc":{"start":{"line":188,"column":10},"end":{"line":188,"column":56}},"type":"binary-expr","locations":[{"start":{"line":188,"column":10},"end":{"line":188,"column":37}},{"start":{"line":188,"column":41},"end":{"line":188,"column":56}}]},"19":{"loc":{"start":{"line":196,"column":4},"end":{"line":202,"column":5}},"type":"if","locations":[{"start":{"line":196,"column":4},"end":{"line":202,"column":5}}]},"20":{"loc":{"start":{"line":205,"column":4},"end":{"line":211,"column":5}},"type":"if","locations":[{"start":{"line":205,"column":4},"end":{"line":211,"column":5}}]},"21":{"loc":{"start":{"line":205,"column":8},"end":{"line":205,"column":71}},"type":"binary-expr","locations":[{"start":{"line":205,"column":8},"end":{"line":205,"column":32}},{"start":{"line":205,"column":36},"end":{"line":205,"column":71}}]},"22":{"loc":{"start":{"line":228,"column":4},"end":{"line":230,"column":5}},"type":"if","locations":[{"start":{"line":228,"column":4},"end":{"line":230,"column":5}}]},"23":{"loc":{"start":{"line":232,"column":4},"end":{"line":234,"column":5}},"type":"if","locations":[{"start":{"line":232,"column":4},"end":{"line":234,"column":5}}]},"24":{"loc":{"start":{"line":233,"column":48},"end":{"line":233,"column":92}},"type":"cond-expr","locations":[{"start":{"line":233,"column":76},"end":{"line":233,"column":83}},{"start":{"line":233,"column":86},"end":{"line":233,"column":92}}]},"25":{"loc":{"start":{"line":239,"column":4},"end":{"line":252,"column":5}},"type":"if","locations":[{"start":{"line":239,"column":4},"end":{"line":252,"column":5}}]},"26":{"loc":{"start":{"line":247,"column":10},"end":{"line":247,"column":34}},"type":"binary-expr","locations":[{"start":{"line":247,"column":10},"end":{"line":247,"column":25}},{"start":{"line":247,"column":29},"end":{"line":247,"column":34}}]},"27":{"loc":{"start":{"line":255,"column":4},"end":{"line":261,"column":5}},"type":"if","locations":[{"start":{"line":255,"column":4},"end":{"line":261,"column":5}}]},"28":{"loc":{"start":{"line":264,"column":4},"end":{"line":270,"column":5}},"type":"if","locations":[{"start":{"line":264,"column":4},"end":{"line":270,"column":5}}]},"29":{"loc":{"start":{"line":264,"column":8},"end":{"line":264,"column":89}},"type":"binary-expr","locations":[{"start":{"line":264,"column":8},"end":{"line":264,"column":41}},{"start":{"line":264,"column":45},"end":{"line":264,"column":89}}]},"30":{"loc":{"start":{"line":273,"column":4},"end":{"line":279,"column":5}},"type":"if","locations":[{"start":{"line":273,"column":4},"end":{"line":279,"column":5}}]},"31":{"loc":{"start":{"line":273,"column":8},"end":{"line":273,"column":67}},"type":"binary-expr","locations":[{"start":{"line":273,"column":8},"end":{"line":273,"column":30}},{"start":{"line":273,"column":34},"end":{"line":273,"column":67}}]},"32":{"loc":{"start":{"line":282,"column":4},"end":{"line":288,"column":5}},"type":"if","locations":[{"start":{"line":282,"column":4},"end":{"line":288,"column":5}}]},"33":{"loc":{"start":{"line":282,"column":8},"end":{"line":282,"column":63}},"type":"binary-expr","locations":[{"start":{"line":282,"column":8},"end":{"line":282,"column":28}},{"start":{"line":282,"column":32},"end":{"line":282,"column":63}}]},"34":{"loc":{"start":{"line":309,"column":27},"end":{"line":309,"column":92}},"type":"cond-expr","locations":[{"start":{"line":309,"column":52},"end":{"line":309,"column":65}},{"start":{"line":309,"column":68},"end":{"line":309,"column":92}}]}},"s":{"0":0,"1":0,"2":0,"3":0,"4":0,"5":0,"6":0,"7":0,"8":0,"9":0,"10":0,"11":0,"12":0,"13":0,"14":0,"15":0,"16":0,"17":0,"18":0,"19":0,"20":0,"21":0,"22":0,"23":0,"24":0,"25":0,"26":0,"27":0,"28":0,"29":0,"30":0,"31":0,"32":0,"33":0,"34":0,"35":0,"36":0,"37":0,"38":0,"39":0,"40":0,"41":0,"42":0,"43":0,"44":0,"45":0,"46":0,"47":0,"48":0,"49":0,"50":0,"51":0,"52":0,"53":0,"54":0,"55":0,"56":0,"57":0,"58":0,"59":0,"60":0,"61":0,"62":0,"63":0,"64":0,"65":0,"66":0,"67":0,"68":0,"69":0,"70":0,"71":0,"72":0,"73":0,"74":0,"75":0,"76":0,"77":0,"78":0,"79":0,"80":0,"81":0,"82":0,"83":0,"84":0,"85":0,"86":0,"87":0,"88":0,"89":0,"90":0,"91":0,"92":0,"93":0,"94":0,"95":0,"96":0,"97":0,"98":0,"99":0,"100":0,"101":0,"102":0,"103":0,"104":0,"105":0,"106":0,"107":0,"108":0,"109":0,"110":0,"111":0},"f":{"0":0,"1":0,"2":0,"3":0,"4":0,"5":0,"6":0,"7":0,"8":0,"9":0,"10":0,"11":0,"12":0},"b":{"0":[0],"1":[0,0],"2":[0],"3":[0],"4":[0,0],"5":[0],"6":[0,0],"7":[0],"8":[0,0],"9":[0,0,0,0,0,0,0],"10":[0],"11":[0],"12":[0],"13":[0],"14":[0],"15":[0],"16":[0],"17":[0],"18":[0,0],"19":[0],"20":[0],"21":[0,0],"22":[0],"23":[0],"24":[0,0],"25":[0],"26":[0,0],"27":[0],"28":[0],"29":[0,0],"30":[0],"31":[0,0],"32":[0],"33":[0,0],"34":[0,0]}}
,"/Users/emmahyde/personal/thinking-patterns/src/servers/SequentialThinkingServer.ts": {"path":"/Users/emmahyde/personal/thinking-patterns/src/servers/SequentialThinkingServer.ts","statementMap":{"0":{"start":{"line":7,"column":10},"end":{"line":17,"column":4}},"1":{"start":{"line":20,"column":4},"end":{"line":20,"column":63}},"2":{"start":{"line":24,"column":17},"end":{"line":24,"column":49}},"3":{"start":{"line":26,"column":4},"end":{"line":28,"column":5}},"4":{"start":{"line":27,"column":6},"end":{"line":27,"column":59}},"5":{"start":{"line":29,"column":4},"end":{"line":31,"column":5}},"6":{"start":{"line":30,"column":6},"end":{"line":30,"column":65}},"7":{"start":{"line":32,"column":4},"end":{"line":34,"column":5}},"8":{"start":{"line":33,"column":6},"end":{"line":33,"column":65}},"9":{"start":{"line":35,"column":4},"end":{"line":37,"column":5}},"10":{"start":{"line":36,"column":6},"end":{"line":36,"column":70}},"11":{"start":{"line":39,"column":4},"end":{"line":53,"column":6}},"12":{"start":{"line":57,"column":4},"end":{"line":62,"column":6}},"13":{"start":{"line":67,"column":51},"end":{"line":67,"column":62}},"14":{"start":{"line":69,"column":17},"end":{"line":69,"column":19}},"15":{"start":{"line":70,"column":18},"end":{"line":70,"column":20}},"16":{"start":{"line":72,"column":4},"end":{"line":81,"column":5}},"17":{"start":{"line":73,"column":6},"end":{"line":73,"column":43}},"18":{"start":{"line":74,"column":6},"end":{"line":74,"column":56}},"19":{"start":{"line":75,"column":11},"end":{"line":81,"column":5}},"20":{"start":{"line":76,"column":6},"end":{"line":76,"column":40}},"21":{"start":{"line":77,"column":6},"end":{"line":77,"column":72}},"22":{"start":{"line":79,"column":6},"end":{"line":79,"column":40}},"23":{"start":{"line":80,"column":6},"end":{"line":80,"column":19}},"24":{"start":{"line":83,"column":19},"end":{"line":83,"column":74}},"25":{"start":{"line":84,"column":19},"end":{"line":84,"column":74}},"26":{"start":{"line":86,"column":17},"end":{"line":90,"column":41}},"27":{"start":{"line":93,"column":4},"end":{"line":136,"column":5}},"28":{"start":{"line":94,"column":6},"end":{"line":98,"column":133}},"29":{"start":{"line":101,"column":6},"end":{"line":120,"column":7}},"30":{"start":{"line":102,"column":8},"end":{"line":104,"column":83}},"31":{"start":{"line":106,"column":8},"end":{"line":119,"column":11}},"32":{"start":{"line":107,"column":32},"end":{"line":107,"column":76}},"33":{"start":{"line":108,"column":29},"end":{"line":108,"column":69}},"34":{"start":{"line":109,"column":27},"end":{"line":109,"column":92}},"35":{"start":{"line":110,"column":10},"end":{"line":111,"column":43}},"36":{"start":{"line":114,"column":28},"end":{"line":116,"column":28}},"37":{"start":{"line":117,"column":10},"end":{"line":118,"column":47}},"38":{"start":{"line":123,"column":6},"end":{"line":135,"column":7}},"39":{"start":{"line":124,"column":8},"end":{"line":126,"column":81}},"40":{"start":{"line":128,"column":8},"end":{"line":134,"column":11}},"41":{"start":{"line":129,"column":32},"end":{"line":131,"column":23}},"42":{"start":{"line":132,"column":10},"end":{"line":133,"column":50}},"43":{"start":{"line":138,"column":4},"end":{"line":139,"column":13}},"44":{"start":{"line":141,"column":4},"end":{"line":141,"column":18}},"45":{"start":{"line":149,"column":4},"end":{"line":209,"column":5}},"46":{"start":{"line":150,"column":29},"end":{"line":150,"column":68}},"47":{"start":{"line":153,"column":6},"end":{"line":155,"column":7}},"48":{"start":{"line":154,"column":8},"end":{"line":154,"column":68}},"49":{"start":{"line":158,"column":6},"end":{"line":166,"column":7}},"50":{"start":{"line":159,"column":28},"end":{"line":159,"column":78}},"51":{"start":{"line":160,"column":8},"end":{"line":165,"column":10}},"52":{"start":{"line":171,"column":31},"end":{"line":171,"column":73}},"53":{"start":{"line":172,"column":6},"end":{"line":172,"column":38}},"54":{"start":{"line":175,"column":23},"end":{"line":189,"column":8}},"55":{"start":{"line":191,"column":6},"end":{"line":196,"column":8}},"56":{"start":{"line":198,"column":6},"end":{"line":208,"column":8}},"57":{"start":{"line":214,"column":4},"end":{"line":214,"column":44}},"58":{"start":{"line":214,"column":29},"end":{"line":214,"column":44}},"59":{"start":{"line":215,"column":4},"end":{"line":215,"column":67}},"60":{"start":{"line":215,"column":50},"end":{"line":215,"column":67}},"61":{"start":{"line":216,"column":4},"end":{"line":216,"column":56}},"62":{"start":{"line":216,"column":41},"end":{"line":216,"column":56}},"63":{"start":{"line":219,"column":4},"end":{"line":221,"column":5}},"64":{"start":{"line":220,"column":6},"end":{"line":220,"column":55}},"65":{"start":{"line":224,"column":21},"end":{"line":224,"column":50}},"66":{"start":{"line":225,"column":4},"end":{"line":225,"column":43}},"67":{"start":{"line":225,"column":26},"end":{"line":225,"column":43}},"68":{"start":{"line":226,"column":4},"end":{"line":226,"column":41}},"69":{"start":{"line":226,"column":26},"end":{"line":226,"column":41}},"70":{"start":{"line":227,"column":4},"end":{"line":227,"column":20}},"71":{"start":{"line":232,"column":4},"end":{"line":232,"column":32}},"72":{"start":{"line":242,"column":24},"end":{"line":242,"column":57}},"73":{"start":{"line":243,"column":4},"end":{"line":248,"column":6}}},"fnMap":{"0":{"name":"(anonymous_0)","decl":{"start":{"line":19,"column":2},"end":{"line":19,"column":null}},"loc":{"start":{"line":19,"column":2},"end":{"line":21,"column":3}}},"1":{"name":"(anonymous_1)","decl":{"start":{"line":23,"column":10},"end":{"line":23,"column":37}},"loc":{"start":{"line":23,"column":52},"end":{"line":54,"column":3}}},"2":{"name":"(anonymous_2)","decl":{"start":{"line":56,"column":10},"end":{"line":56,"column":27}},"loc":{"start":{"line":56,"column":85},"end":{"line":63,"column":3}}},"3":{"name":"(anonymous_3)","decl":{"start":{"line":65,"column":10},"end":{"line":65,"column":31}},"loc":{"start":{"line":65,"column":56},"end":{"line":142,"column":3}}},"4":{"name":"(anonymous_4)","decl":{"start":{"line":106,"column":57},"end":{"line":106,"column":58}},"loc":{"start":{"line":106,"column":86},"end":{"line":119,"column":9}}},"5":{"name":"(anonymous_5)","decl":{"start":{"line":128,"column":59},"end":{"line":128,"column":60}},"loc":{"start":{"line":128,"column":81},"end":{"line":134,"column":9}}},"6":{"name":"(anonymous_6)","decl":{"start":{"line":144,"column":9},"end":{"line":144,"column":23}},"loc":{"start":{"line":147,"column":41},"end":{"line":210,"column":3}}},"7":{"name":"(anonymous_7)","decl":{"start":{"line":212,"column":10},"end":{"line":212,"column":24}},"loc":{"start":{"line":212,"column":69},"end":{"line":228,"column":3}}},"8":{"name":"(anonymous_8)","decl":{"start":{"line":231,"column":9},"end":{"line":231,"column":29}},"loc":{"start":{"line":231,"column":45},"end":{"line":233,"column":3}}},"9":{"name":"(anonymous_9)","decl":{"start":{"line":236,"column":9},"end":{"line":236,"column":31}},"loc":{"start":{"line":240,"column":22},"end":{"line":249,"column":3}}}},"branchMap":{"0":{"loc":{"start":{"line":26,"column":4},"end":{"line":28,"column":5}},"type":"if","locations":[{"start":{"line":26,"column":4},"end":{"line":28,"column":5}}]},"1":{"loc":{"start":{"line":26,"column":8},"end":{"line":26,"column":57}},"type":"binary-expr","locations":[{"start":{"line":26,"column":8},"end":{"line":26,"column":21}},{"start":{"line":26,"column":25},"end":{"line":26,"column":57}}]},"2":{"loc":{"start":{"line":29,"column":4},"end":{"line":31,"column":5}},"type":"if","locations":[{"start":{"line":29,"column":4},"end":{"line":31,"column":5}}]},"3":{"loc":{"start":{"line":29,"column":8},"end":{"line":29,"column":69}},"type":"binary-expr","locations":[{"start":{"line":29,"column":8},"end":{"line":29,"column":27}},{"start":{"line":29,"column":31},"end":{"line":29,"column":69}}]},"4":{"loc":{"start":{"line":32,"column":4},"end":{"line":34,"column":5}},"type":"if","locations":[{"start":{"line":32,"column":4},"end":{"line":34,"column":5}}]},"5":{"loc":{"start":{"line":32,"column":8},"end":{"line":32,"column":69}},"type":"binary-expr","locations":[{"start":{"line":32,"column":8},"end":{"line":32,"column":27}},{"start":{"line":32,"column":31},"end":{"line":32,"column":69}}]},"6":{"loc":{"start":{"line":35,"column":4},"end":{"line":37,"column":5}},"type":"if","locations":[{"start":{"line":35,"column":4},"end":{"line":37,"column":5}}]},"7":{"loc":{"start":{"line":59,"column":23},"end":{"line":59,"column":44}},"type":"binary-expr","locations":[{"start":{"line":59,"column":23},"end":{"line":59,"column":38}},{"start":{"line":59,"column":42},"end":{"line":59,"column":44}}]},"8":{"loc":{"start":{"line":72,"column":4},"end":{"line":81,"column":5}},"type":"if","locations":[{"start":{"line":72,"column":4},"end":{"line":81,"column":5}},{"start":{"line":75,"column":11},"end":{"line":81,"column":5}}]},"9":{"loc":{"start":{"line":75,"column":11},"end":{"line":81,"column":5}},"type":"if","locations":[{"start":{"line":75,"column":11},"end":{"line":81,"column":5}},{"start":{"line":78,"column":11},"end":{"line":81,"column":5}}]},"10":{"loc":{"start":{"line":93,"column":4},"end":{"line":136,"column":5}},"type":"if","locations":[{"start":{"line":93,"column":4},"end":{"line":136,"column":5}}]},"11":{"loc":{"start":{"line":98,"column":35},"end":{"line":98,"column":128}},"type":"binary-expr","locations":[{"start":{"line":98,"column":35},"end":{"line":98,"column":92}},{"start":{"line":98,"column":96},"end":{"line":98,"column":128}}]},"12":{"loc":{"start":{"line":101,"column":6},"end":{"line":120,"column":7}},"type":"if","locations":[{"start":{"line":101,"column":6},"end":{"line":120,"column":7}}]},"13":{"loc":{"start":{"line":114,"column":28},"end":{"line":116,"column":28}},"type":"cond-expr","locations":[{"start":{"line":115,"column":14},"end":{"line":115,"column":68}},{"start":{"line":116,"column":14},"end":{"line":116,"column":28}}]},"14":{"loc":{"start":{"line":123,"column":6},"end":{"line":135,"column":7}},"type":"if","locations":[{"start":{"line":123,"column":6},"end":{"line":135,"column":7}}]},"15":{"loc":{"start":{"line":129,"column":32},"end":{"line":131,"column":23}},"type":"cond-expr","locations":[{"start":{"line":130,"column":14},"end":{"line":130,"column":63}},{"start":{"line":131,"column":14},"end":{"line":131,"column":23}}]},"16":{"loc":{"start":{"line":153,"column":6},"end":{"line":155,"column":7}},"type":"if","locations":[{"start":{"line":153,"column":6},"end":{"line":155,"column":7}}]},"17":{"loc":{"start":{"line":158,"column":6},"end":{"line":166,"column":7}},"type":"if","locations":[{"start":{"line":158,"column":6},"end":{"line":166,"column":7}}]},"18":{"loc":{"start":{"line":180,"column":26},"end":{"line":180,"column":76}},"type":"binary-expr","locations":[{"start":{"line":180,"column":26},"end":{"line":180,"column":70}},{"start":{"line":180,"column":74},"end":{"line":180,"column":76}}]},"19":{"loc":{"start":{"line":186,"column":21},"end":{"line":186,"column":43}},"type":"binary-expr","locations":[{"start":{"line":186,"column":21},"end":{"line":186,"column":30}},{"start":{"line":186,"column":34},"end":{"line":186,"column":43}}]},"20":{"loc":{"start":{"line":202,"column":19},"end":{"line":202,"column":73}},"type":"cond-expr","locations":[{"start":{"line":202,"column":44},"end":{"line":202,"column":57}},{"start":{"line":202,"column":60},"end":{"line":202,"column":73}}]},"21":{"loc":{"start":{"line":214,"column":4},"end":{"line":214,"column":44}},"type":"if","locations":[{"start":{"line":214,"column":4},"end":{"line":214,"column":44}}]},"22":{"loc":{"start":{"line":215,"column":4},"end":{"line":215,"column":67}},"type":"if","locations":[{"start":{"line":215,"column":4},"end":{"line":215,"column":67}}]},"23":{"loc":{"start":{"line":215,"column":8},"end":{"line":215,"column":48}},"type":"binary-expr","locations":[{"start":{"line":215,"column":8},"end":{"line":215,"column":27}},{"start":{"line":215,"column":31},"end":{"line":215,"column":48}}]},"24":{"loc":{"start":{"line":216,"column":4},"end":{"line":216,"column":56}},"type":"if","locations":[{"start":{"line":216,"column":4},"end":{"line":216,"column":56}}]},"25":{"loc":{"start":{"line":219,"column":4},"end":{"line":221,"column":5}},"type":"if","locations":[{"start":{"line":219,"column":4},"end":{"line":221,"column":5}}]},"26":{"loc":{"start":{"line":220,"column":13},"end":{"line":220,"column":54}},"type":"cond-expr","locations":[{"start":{"line":220,"column":35},"end":{"line":220,"column":44}},{"start":{"line":220,"column":47},"end":{"line":220,"column":54}}]},"27":{"loc":{"start":{"line":225,"column":4},"end":{"line":225,"column":43}},"type":"if","locations":[{"start":{"line":225,"column":4},"end":{"line":225,"column":43}}]},"28":{"loc":{"start":{"line":226,"column":4},"end":{"line":226,"column":41}},"type":"if","locations":[{"start":{"line":226,"column":4},"end":{"line":226,"column":41}}]}},"s":{"0":0,"1":0,"2":0,"3":0,"4":0,"5":0,"6":0,"7":0,"8":0,"9":0,"10":0,"11":0,"12":0,"13":0,"14":0,"15":0,"16":0,"17":0,"18":0,"19":0,"20":0,"21":0,"22":0,"23":0,"24":0,"25":0,"26":0,"27":0,"28":0,"29":0,"30":0,"31":0,"32":0,"33":0,"34":0,"35":0,"36":0,"37":0,"38":0,"39":0,"40":0,"41":0,"42":0,"43":0,"44":0,"45":0,"46":0,"47":0,"48":0,"49":0,"50":0,"51":0,"52":0,"53":0,"54":0,"55":0,"56":0,"57":0,"58":0,"59":0,"60":0,"61":0,"62":0,"63":0,"64":0,"65":0,"66":0,"67":0,"68":0,"69":0,"70":0,"71":0,"72":0,"73":0},"f":{"0":0,"1":0,"2":0,"3":0,"4":0,"5":0,"6":0,"7":0,"8":0,"9":0},"b":{"0":[0],"1":[0,0],"2":[0],"3":[0,0],"4":[0],"5":[0,0],"6":[0],"7":[0,0],"8":[0,0],"9":[0,0],"10":[0],"11":[0,0],"12":[0],"13":[0,0],"14":[0],"15":[0,0],"16":[0],"17":[0],"18":[0,0],"19":[0,0],"20":[0,0],"21":[0],"22":[0],"23":[0,0],"24":[0],"25":[0],"26":[0,0],"27":[0],"28":[0]}}
,"/Users/emmahyde/personal/thinking-patterns/src/servers/StochasticAlgorithmServer.ts": {"path":"/Users/emmahyde/personal/thinking-patterns/src/servers/StochasticAlgorithmServer.ts","statementMap":{"0":{"start":{"line":19,"column":4},"end":{"line":52,"column":5}},"1":{"start":{"line":20,"column":19},"end":{"line":20,"column":42}},"2":{"start":{"line":22,"column":6},"end":{"line":27,"column":7}},"3":{"start":{"line":23,"column":8},"end":{"line":26,"column":10}},"4":{"start":{"line":29,"column":30},"end":{"line":29,"column":74}},"5":{"start":{"line":30,"column":6},"end":{"line":35,"column":7}},"6":{"start":{"line":31,"column":8},"end":{"line":34,"column":10}},"7":{"start":{"line":37,"column":21},"end":{"line":37,"column":57}},"8":{"start":{"line":39,"column":6},"end":{"line":46,"column":8}},"9":{"start":{"line":48,"column":6},"end":{"line":51,"column":8}},"10":{"start":{"line":56,"column":47},"end":{"line":56,"column":51}},"11":{"start":{"line":58,"column":19},"end":{"line":58,"column":79}},"12":{"start":{"line":59,"column":4},"end":{"line":59,"column":75}},"13":{"start":{"line":60,"column":4},"end":{"line":60,"column":59}},"14":{"start":{"line":62,"column":4},"end":{"line":80,"column":5}},"15":{"start":{"line":64,"column":8},"end":{"line":64,"column":66}},"16":{"start":{"line":65,"column":8},"end":{"line":65,"column":14}},"17":{"start":{"line":67,"column":8},"end":{"line":67,"column":67}},"18":{"start":{"line":68,"column":8},"end":{"line":68,"column":14}},"19":{"start":{"line":70,"column":8},"end":{"line":70,"column":69}},"20":{"start":{"line":71,"column":8},"end":{"line":71,"column":14}},"21":{"start":{"line":73,"column":8},"end":{"line":73,"column":71}},"22":{"start":{"line":74,"column":8},"end":{"line":74,"column":14}},"23":{"start":{"line":76,"column":8},"end":{"line":76,"column":66}},"24":{"start":{"line":77,"column":8},"end":{"line":77,"column":14}},"25":{"start":{"line":79,"column":8},"end":{"line":79,"column":48}},"26":{"start":{"line":82,"column":4},"end":{"line":82,"column":20}},"27":{"start":{"line":86,"column":18},"end":{"line":86,"column":48}},"28":{"start":{"line":87,"column":4},"end":{"line":87,"column":65}},"29":{"start":{"line":89,"column":4},"end":{"line":89,"column":91}},"30":{"start":{"line":90,"column":4},"end":{"line":90,"column":98}},"31":{"start":{"line":91,"column":4},"end":{"line":91,"column":86}},"32":{"start":{"line":92,"column":4},"end":{"line":92,"column":109}},"33":{"start":{"line":93,"column":4},"end":{"line":93,"column":103}},"34":{"start":{"line":95,"column":19},"end":{"line":95,"column":73}},"35":{"start":{"line":96,"column":4},"end":{"line":96,"column":42}},"36":{"start":{"line":97,"column":4},"end":{"line":97,"column":59}},"37":{"start":{"line":98,"column":4},"end":{"line":98,"column":50}},"38":{"start":{"line":99,"column":4},"end":{"line":99,"column":59}},"39":{"start":{"line":100,"column":4},"end":{"line":100,"column":57}},"40":{"start":{"line":101,"column":4},"end":{"line":101,"column":46}},"41":{"start":{"line":102,"column":4},"end":{"line":102,"column":67}},"42":{"start":{"line":103,"column":4},"end":{"line":103,"column":135}},"43":{"start":{"line":105,"column":4},"end":{"line":105,"column":20}},"44":{"start":{"line":109,"column":18},"end":{"line":109,"column":54}},"45":{"start":{"line":110,"column":4},"end":{"line":110,"column":53}},"46":{"start":{"line":112,"column":4},"end":{"line":112,"column":113}},"47":{"start":{"line":113,"column":4},"end":{"line":113,"column":113}},"48":{"start":{"line":114,"column":4},"end":{"line":114,"column":93}},"49":{"start":{"line":115,"column":4},"end":{"line":115,"column":99}},"50":{"start":{"line":117,"column":19},"end":{"line":117,"column":74}},"51":{"start":{"line":118,"column":4},"end":{"line":118,"column":42}},"52":{"start":{"line":119,"column":4},"end":{"line":119,"column":54}},"53":{"start":{"line":120,"column":4},"end":{"line":120,"column":66}},"54":{"start":{"line":121,"column":4},"end":{"line":121,"column":55}},"55":{"start":{"line":122,"column":4},"end":{"line":122,"column":64}},"56":{"start":{"line":123,"column":4},"end":{"line":123,"column":67}},"57":{"start":{"line":124,"column":4},"end":{"line":124,"column":119}},"58":{"start":{"line":126,"column":4},"end":{"line":126,"column":20}},"59":{"start":{"line":130,"column":18},"end":{"line":130,"column":60}},"60":{"start":{"line":131,"column":4},"end":{"line":131,"column":60}},"61":{"start":{"line":133,"column":4},"end":{"line":133,"column":90}},"62":{"start":{"line":134,"column":4},"end":{"line":134,"column":88}},"63":{"start":{"line":135,"column":4},"end":{"line":135,"column":81}},"64":{"start":{"line":136,"column":4},"end":{"line":136,"column":87}},"65":{"start":{"line":138,"column":19},"end":{"line":138,"column":62}},"66":{"start":{"line":139,"column":4},"end":{"line":139,"column":42}},"67":{"start":{"line":140,"column":4},"end":{"line":140,"column":61}},"68":{"start":{"line":141,"column":4},"end":{"line":141,"column":70}},"69":{"start":{"line":142,"column":4},"end":{"line":142,"column":60}},"70":{"start":{"line":143,"column":4},"end":{"line":143,"column":59}},"71":{"start":{"line":144,"column":4},"end":{"line":144,"column":64}},"72":{"start":{"line":145,"column":4},"end":{"line":145,"column":101}},"73":{"start":{"line":147,"column":4},"end":{"line":147,"column":20}},"74":{"start":{"line":151,"column":18},"end":{"line":151,"column":57}},"75":{"start":{"line":152,"column":4},"end":{"line":152,"column":56}},"76":{"start":{"line":154,"column":4},"end":{"line":154,"column":104}},"77":{"start":{"line":155,"column":4},"end":{"line":155,"column":119}},"78":{"start":{"line":156,"column":4},"end":{"line":156,"column":111}},"79":{"start":{"line":157,"column":4},"end":{"line":157,"column":96}},"80":{"start":{"line":159,"column":19},"end":{"line":159,"column":65}},"81":{"start":{"line":160,"column":4},"end":{"line":160,"column":42}},"82":{"start":{"line":161,"column":4},"end":{"line":161,"column":46}},"83":{"start":{"line":162,"column":4},"end":{"line":162,"column":60}},"84":{"start":{"line":163,"column":4},"end":{"line":163,"column":69}},"85":{"start":{"line":164,"column":4},"end":{"line":164,"column":64}},"86":{"start":{"line":165,"column":4},"end":{"line":165,"column":59}},"87":{"start":{"line":166,"column":4},"end":{"line":166,"column":127}},"88":{"start":{"line":168,"column":4},"end":{"line":168,"column":20}},"89":{"start":{"line":172,"column":18},"end":{"line":172,"column":55}},"90":{"start":{"line":173,"column":4},"end":{"line":173,"column":58}},"91":{"start":{"line":175,"column":4},"end":{"line":175,"column":108}},"92":{"start":{"line":176,"column":4},"end":{"line":176,"column":99}},"93":{"start":{"line":177,"column":4},"end":{"line":177,"column":117}},"94":{"start":{"line":178,"column":4},"end":{"line":178,"column":108}},"95":{"start":{"line":179,"column":4},"end":{"line":179,"column":106}},"96":{"start":{"line":181,"column":19},"end":{"line":181,"column":69}},"97":{"start":{"line":182,"column":4},"end":{"line":182,"column":42}},"98":{"start":{"line":183,"column":4},"end":{"line":183,"column":53}},"99":{"start":{"line":184,"column":4},"end":{"line":184,"column":73}},"100":{"start":{"line":185,"column":4},"end":{"line":185,"column":73}},"101":{"start":{"line":186,"column":4},"end":{"line":186,"column":68}},"102":{"start":{"line":187,"column":4},"end":{"line":187,"column":69}},"103":{"start":{"line":188,"column":4},"end":{"line":188,"column":124}},"104":{"start":{"line":190,"column":4},"end":{"line":190,"column":20}}},"fnMap":{"0":{"name":"(anonymous_0)","decl":{"start":{"line":18,"column":2},"end":{"line":18,"column":18}},"loc":{"start":{"line":18,"column":33},"end":{"line":53,"column":3}}},"1":{"name":"(anonymous_1)","decl":{"start":{"line":55,"column":10},"end":{"line":55,"column":35}},"loc":{"start":{"line":55,"column":56},"end":{"line":83,"column":3}}},"2":{"name":"(anonymous_2)","decl":{"start":{"line":85,"column":10},"end":{"line":85,"column":29}},"loc":{"start":{"line":85,"column":82},"end":{"line":106,"column":3}}},"3":{"name":"(anonymous_3)","decl":{"start":{"line":108,"column":10},"end":{"line":108,"column":30}},"loc":{"start":{"line":108,"column":83},"end":{"line":127,"column":3}}},"4":{"name":"(anonymous_4)","decl":{"start":{"line":129,"column":10},"end":{"line":129,"column":32}},"loc":{"start":{"line":129,"column":85},"end":{"line":148,"column":3}}},"5":{"name":"(anonymous_5)","decl":{"start":{"line":150,"column":10},"end":{"line":150,"column":34}},"loc":{"start":{"line":150,"column":87},"end":{"line":169,"column":3}}},"6":{"name":"(anonymous_6)","decl":{"start":{"line":171,"column":10},"end":{"line":171,"column":29}},"loc":{"start":{"line":171,"column":82},"end":{"line":191,"column":3}}}},"branchMap":{"0":{"loc":{"start":{"line":22,"column":6},"end":{"line":27,"column":7}},"type":"if","locations":[{"start":{"line":22,"column":6},"end":{"line":27,"column":7}}]},"1":{"loc":{"start":{"line":22,"column":10},"end":{"line":22,"column":42}},"type":"binary-expr","locations":[{"start":{"line":22,"column":10},"end":{"line":22,"column":25}},{"start":{"line":22,"column":29},"end":{"line":22,"column":42}}]},"2":{"loc":{"start":{"line":30,"column":6},"end":{"line":35,"column":7}},"type":"if","locations":[{"start":{"line":30,"column":6},"end":{"line":35,"column":7}}]},"3":{"loc":{"start":{"line":49,"column":50},"end":{"line":49,"column":106}},"type":"cond-expr","locations":[{"start":{"line":49,"column":75},"end":{"line":49,"column":88}},{"start":{"line":49,"column":91},"end":{"line":49,"column":106}}]},"4":{"loc":{"start":{"line":62,"column":4},"end":{"line":80,"column":5}},"type":"switch","locations":[{"start":{"line":63,"column":6},"end":{"line":65,"column":14}},{"start":{"line":66,"column":6},"end":{"line":68,"column":14}},{"start":{"line":69,"column":6},"end":{"line":71,"column":14}},{"start":{"line":72,"column":6},"end":{"line":74,"column":14}},{"start":{"line":75,"column":6},"end":{"line":77,"column":14}},{"start":{"line":78,"column":6},"end":{"line":79,"column":48}}]},"5":{"loc":{"start":{"line":89,"column":53},"end":{"line":89,"column":89}},"type":"binary-expr","locations":[{"start":{"line":89,"column":53},"end":{"line":89,"column":70}},{"start":{"line":89,"column":74},"end":{"line":89,"column":89}}]},"6":{"loc":{"start":{"line":90,"column":59},"end":{"line":90,"column":96}},"type":"binary-expr","locations":[{"start":{"line":90,"column":59},"end":{"line":90,"column":77}},{"start":{"line":90,"column":81},"end":{"line":90,"column":96}}]},"7":{"loc":{"start":{"line":91,"column":47},"end":{"line":91,"column":84}},"type":"binary-expr","locations":[{"start":{"line":91,"column":47},"end":{"line":91,"column":65}},{"start":{"line":91,"column":69},"end":{"line":91,"column":84}}]},"8":{"loc":{"start":{"line":92,"column":66},"end":{"line":92,"column":107}},"type":"binary-expr","locations":[{"start":{"line":92,"column":66},"end":{"line":92,"column":88}},{"start":{"line":92,"column":92},"end":{"line":92,"column":107}}]},"9":{"loc":{"start":{"line":93,"column":66},"end":{"line":93,"column":101}},"type":"binary-expr","locations":[{"start":{"line":93,"column":66},"end":{"line":93,"column":82}},{"start":{"line":93,"column":86},"end":{"line":93,"column":101}}]},"10":{"loc":{"start":{"line":112,"column":32},"end":{"line":112,"column":64}},"type":"binary-expr","locations":[{"start":{"line":112,"column":32},"end":{"line":112,"column":54}},{"start":{"line":112,"column":58},"end":{"line":112,"column":64}}]},"11":{"loc":{"start":{"line":113,"column":36},"end":{"line":113,"column":66}},"type":"binary-expr","locations":[{"start":{"line":113,"column":36},"end":{"line":113,"column":58}},{"start":{"line":113,"column":62},"end":{"line":113,"column":66}}]},"12":{"loc":{"start":{"line":114,"column":30},"end":{"line":114,"column":64}},"type":"binary-expr","locations":[{"start":{"line":114,"column":30},"end":{"line":114,"column":49}},{"start":{"line":114,"column":53},"end":{"line":114,"column":64}}]},"13":{"loc":{"start":{"line":115,"column":37},"end":{"line":115,"column":64}},"type":"binary-expr","locations":[{"start":{"line":115,"column":37},"end":{"line":115,"column":54}},{"start":{"line":115,"column":58},"end":{"line":115,"column":64}}]},"14":{"loc":{"start":{"line":133,"column":25},"end":{"line":133,"column":59}},"type":"binary-expr","locations":[{"start":{"line":133,"column":25},"end":{"line":133,"column":40}},{"start":{"line":133,"column":44},"end":{"line":133,"column":59}}]},"15":{"loc":{"start":{"line":134,"column":29},"end":{"line":134,"column":62}},"type":"binary-expr","locations":[{"start":{"line":134,"column":29},"end":{"line":134,"column":48}},{"start":{"line":134,"column":52},"end":{"line":134,"column":62}}]},"16":{"loc":{"start":{"line":135,"column":32},"end":{"line":135,"column":59}},"type":"binary-expr","locations":[{"start":{"line":135,"column":32},"end":{"line":135,"column":50}},{"start":{"line":135,"column":54},"end":{"line":135,"column":59}}]},"17":{"loc":{"start":{"line":136,"column":33},"end":{"line":136,"column":65}},"type":"binary-expr","locations":[{"start":{"line":136,"column":33},"end":{"line":136,"column":51}},{"start":{"line":136,"column":55},"end":{"line":136,"column":65}}]},"18":{"loc":{"start":{"line":154,"column":39},"end":{"line":154,"column":78}},"type":"binary-expr","locations":[{"start":{"line":154,"column":39},"end":{"line":154,"column":59}},{"start":{"line":154,"column":63},"end":{"line":154,"column":78}}]},"19":{"loc":{"start":{"line":155,"column":41},"end":{"line":155,"column":89}},"type":"binary-expr","locations":[{"start":{"line":155,"column":41},"end":{"line":155,"column":63}},{"start":{"line":155,"column":67},"end":{"line":155,"column":89}}]},"20":{"loc":{"start":{"line":156,"column":36},"end":{"line":156,"column":78}},"type":"binary-expr","locations":[{"start":{"line":156,"column":36},"end":{"line":156,"column":56}},{"start":{"line":156,"column":60},"end":{"line":156,"column":78}}]},"21":{"loc":{"start":{"line":157,"column":33},"end":{"line":157,"column":74}},"type":"binary-expr","locations":[{"start":{"line":157,"column":33},"end":{"line":157,"column":55}},{"start":{"line":157,"column":59},"end":{"line":157,"column":74}}]},"22":{"loc":{"start":{"line":175,"column":64},"end":{"line":175,"column":106}},"type":"binary-expr","locations":[{"start":{"line":175,"column":64},"end":{"line":175,"column":87}},{"start":{"line":175,"column":91},"end":{"line":175,"column":106}}]},"23":{"loc":{"start":{"line":176,"column":55},"end":{"line":176,"column":97}},"type":"binary-expr","locations":[{"start":{"line":176,"column":55},"end":{"line":176,"column":78}},{"start":{"line":176,"column":82},"end":{"line":176,"column":97}}]},"24":{"loc":{"start":{"line":177,"column":72},"end":{"line":177,"column":115}},"type":"binary-expr","locations":[{"start":{"line":177,"column":72},"end":{"line":177,"column":94}},{"start":{"line":177,"column":98},"end":{"line":177,"column":115}}]},"25":{"loc":{"start":{"line":178,"column":65},"end":{"line":178,"column":106}},"type":"binary-expr","locations":[{"start":{"line":178,"column":65},"end":{"line":178,"column":85}},{"start":{"line":178,"column":89},"end":{"line":178,"column":106}}]},"26":{"loc":{"start":{"line":179,"column":73},"end":{"line":179,"column":104}},"type":"binary-expr","locations":[{"start":{"line":179,"column":73},"end":{"line":179,"column":91}},{"start":{"line":179,"column":95},"end":{"line":179,"column":104}}]}},"s":{"0":0,"1":0,"2":0,"3":0,"4":0,"5":0,"6":0,"7":0,"8":0,"9":0,"10":0,"11":0,"12":0,"13":0,"14":0,"15":0,"16":0,"17":0,"18":0,"19":0,"20":0,"21":0,"22":0,"23":0,"24":0,"25":0,"26":0,"27":0,"28":0,"29":0,"30":0,"31":0,"32":0,"33":0,"34":0,"35":0,"36":0,"37":0,"38":0,"39":0,"40":0,"41":0,"42":0,"43":0,"44":0,"45":0,"46":0,"47":0,"48":0,"49":0,"50":0,"51":0,"52":0,"53":0,"54":0,"55":0,"56":0,"57":0,"58":0,"59":0,"60":0,"61":0,"62":0,"63":0,"64":0,"65":0,"66":0,"67":0,"68":0,"69":0,"70":0,"71":0,"72":0,"73":0,"74":0,"75":0,"76":0,"77":0,"78":0,"79":0,"80":0,"81":0,"82":0,"83":0,"84":0,"85":0,"86":0,"87":0,"88":0,"89":0,"90":0,"91":0,"92":0,"93":0,"94":0,"95":0,"96":0,"97":0,"98":0,"99":0,"100":0,"101":0,"102":0,"103":0,"104":0},"f":{"0":0,"1":0,"2":0,"3":0,"4":0,"5":0,"6":0},"b":{"0":[0],"1":[0,0],"2":[0],"3":[0,0],"4":[0,0,0,0,0,0],"5":[0,0],"6":[0,0],"7":[0,0],"8":[0,0],"9":[0,0],"10":[0,0],"11":[0,0],"12":[0,0],"13":[0,0],"14":[0,0],"15":[0,0],"16":[0,0],"17":[0,0],"18":[0,0],"19":[0,0],"20":[0,0],"21":[0,0],"22":[0,0],"23":[0,0],"24":[0,0],"25":[0,0],"26":[0,0]}}
,"/Users/emmahyde/personal/thinking-patterns/src/services/ServerRegistry.ts": {"path":"/Users/emmahyde/personal/thinking-patterns/src/services/ServerRegistry.ts","statementMap":{"0":{"start":{"line":25,"column":10},"end":{"line":25,"column":66}},"1":{"start":{"line":28,"column":4},"end":{"line":28,"column":29}},"2":{"start":{"line":33,"column":4},"end":{"line":35,"column":7}},"3":{"start":{"line":34,"column":35},"end":{"line":34,"column":94}},"4":{"start":{"line":37,"column":4},"end":{"line":39,"column":7}},"5":{"start":{"line":38,"column":35},"end":{"line":38,"column":78}},"6":{"start":{"line":41,"column":4},"end":{"line":43,"column":7}},"7":{"start":{"line":42,"column":35},"end":{"line":42,"column":87}},"8":{"start":{"line":46,"column":4},"end":{"line":48,"column":7}},"9":{"start":{"line":47,"column":35},"end":{"line":47,"column":87}},"10":{"start":{"line":50,"column":4},"end":{"line":52,"column":7}},"11":{"start":{"line":51,"column":35},"end":{"line":51,"column":90}},"12":{"start":{"line":56,"column":4},"end":{"line":56,"column":54}},"13":{"start":{"line":60,"column":4},"end":{"line":60,"column":54}},"14":{"start":{"line":64,"column":4},"end":{"line":64,"column":43}},"15":{"start":{"line":68,"column":19},"end":{"line":68,"column":45}},"16":{"start":{"line":70,"column":4},"end":{"line":75,"column":5}},"17":{"start":{"line":71,"column":6},"end":{"line":74,"column":8}},"18":{"start":{"line":77,"column":4},"end":{"line":85,"column":5}},"19":{"start":{"line":78,"column":6},"end":{"line":78,"column":35}},"20":{"start":{"line":80,"column":27},"end":{"line":80,"column":92}},"21":{"start":{"line":81,"column":6},"end":{"line":84,"column":8}},"22":{"start":{"line":89,"column":4},"end":{"line":98,"column":6}},"23":{"start":{"line":102,"column":4},"end":{"line":102,"column":49}},"24":{"start":{"line":106,"column":4},"end":{"line":106,"column":51}}},"fnMap":{"0":{"name":"(anonymous_0)","decl":{"start":{"line":27,"column":2},"end":{"line":27,"column":null}},"loc":{"start":{"line":27,"column":2},"end":{"line":29,"column":3}}},"1":{"name":"(anonymous_1)","decl":{"start":{"line":31,"column":10},"end":{"line":31,"column":27}},"loc":{"start":{"line":31,"column":27},"end":{"line":53,"column":3}}},"2":{"name":"(anonymous_2)","decl":{"start":{"line":34,"column":15},"end":{"line":34,"column":16}},"loc":{"start":{"line":34,"column":35},"end":{"line":34,"column":94}}},"3":{"name":"(anonymous_3)","decl":{"start":{"line":38,"column":15},"end":{"line":38,"column":16}},"loc":{"start":{"line":38,"column":35},"end":{"line":38,"column":78}}},"4":{"name":"(anonymous_4)","decl":{"start":{"line":42,"column":15},"end":{"line":42,"column":16}},"loc":{"start":{"line":42,"column":35},"end":{"line":42,"column":87}}},"5":{"name":"(anonymous_5)","decl":{"start":{"line":47,"column":15},"end":{"line":47,"column":16}},"loc":{"start":{"line":47,"column":35},"end":{"line":47,"column":87}}},"6":{"name":"(anonymous_6)","decl":{"start":{"line":51,"column":15},"end":{"line":51,"column":16}},"loc":{"start":{"line":51,"column":35},"end":{"line":51,"column":90}}},"7":{"name":"(anonymous_7)","decl":{"start":{"line":55,"column":9},"end":{"line":55,"column":18}},"loc":{"start":{"line":55,"column":37},"end":{"line":57,"column":3}}},"8":{"name":"(anonymous_8)","decl":{"start":{"line":59,"column":9},"end":{"line":59,"column":18}},"loc":{"start":{"line":59,"column":37},"end":{"line":61,"column":3}}},"9":{"name":"(anonymous_9)","decl":{"start":{"line":63,"column":9},"end":{"line":63,"column":28}},"loc":{"start":{"line":63,"column":28},"end":{"line":65,"column":3}}},"10":{"name":"(anonymous_10)","decl":{"start":{"line":67,"column":9},"end":{"line":67,"column":23}},"loc":{"start":{"line":67,"column":58},"end":{"line":86,"column":3}}},"11":{"name":"(anonymous_11)","decl":{"start":{"line":88,"column":9},"end":{"line":88,"column":23}},"loc":{"start":{"line":88,"column":23},"end":{"line":99,"column":3}}},"12":{"name":"(anonymous_12)","decl":{"start":{"line":101,"column":9},"end":{"line":101,"column":29}},"loc":{"start":{"line":101,"column":73},"end":{"line":103,"column":3}}},"13":{"name":"(anonymous_13)","decl":{"start":{"line":105,"column":9},"end":{"line":105,"column":25}},"loc":{"start":{"line":105,"column":38},"end":{"line":107,"column":3}}}},"branchMap":{"0":{"loc":{"start":{"line":70,"column":4},"end":{"line":75,"column":5}},"type":"if","locations":[{"start":{"line":70,"column":4},"end":{"line":75,"column":5}}]},"1":{"loc":{"start":{"line":80,"column":27},"end":{"line":80,"column":92}},"type":"cond-expr","locations":[{"start":{"line":80,"column":52},"end":{"line":80,"column":65}},{"start":{"line":80,"column":68},"end":{"line":80,"column":92}}]}},"s":{"0":0,"1":0,"2":0,"3":0,"4":0,"5":0,"6":0,"7":0,"8":0,"9":0,"10":0,"11":0,"12":0,"13":0,"14":0,"15":0,"16":0,"17":0,"18":0,"19":0,"20":0,"21":0,"22":0,"23":0,"24":0},"f":{"0":0,"1":0,"2":0,"3":0,"4":0,"5":0,"6":0,"7":0,"8":0,"9":0,"10":0,"11":0,"12":0,"13":0},"b":{"0":[0],"1":[0,0]}}
[...]
{"line":257,"column":6},"end":{"line":266,"column":7}},"type":"if","locations":[{"start":{"line":257,"column":6},"end":{"line":266,"column":7}}]},"20":{"loc":{"start":{"line":259,"column":8},"end":{"line":265,"column":9}},"type":"if","locations":[{"start":{"line":259,"column":8},"end":{"line":265,"column":9}},{"start":{"line":263,"column":15},"end":{"line":265,"column":9}}]},"21":{"loc":{"start":{"line":274,"column":4},"end":{"line":274,"column":44}},"type":"if","locations":[{"start":{"line":274,"column":4},"end":{"line":274,"column":44}}]},"22":{"loc":{"start":{"line":275,"column":4},"end":{"line":275,"column":67}},"type":"if","locations":[{"start":{"line":275,"column":4},"end":{"line":275,"column":67}}]},"23":{"loc":{"start":{"line":275,"column":8},"end":{"line":275,"column":48}},"type":"binary-expr","locations":[{"start":{"line":275,"column":8},"end":{"line":275,"column":27}},{"start":{"line":275,"column":31},"end":{"line":275,"column":48}}]},"24":{"loc":{"start":{"line":276,"column":4},"end":{"line":276,"column":56}},"type":"if","locations":[{"start":{"line":276,"column":4},"end":{"line":276,"column":56}}]},"25":{"loc":{"start":{"line":279,"column":4},"end":{"line":281,"column":5}},"type":"if","locations":[{"start":{"line":279,"column":4},"end":{"line":281,"column":5}}]},"26":{"loc":{"start":{"line":280,"column":13},"end":{"line":280,"column":54}},"type":"cond-expr","locations":[{"start":{"line":280,"column":35},"end":{"line":280,"column":44}},{"start":{"line":280,"column":47},"end":{"line":280,"column":54}}]},"27":{"loc":{"start":{"line":285,"column":4},"end":{"line":285,"column":43}},"type":"if","locations":[{"start":{"line":285,"column":4},"end":{"line":285,"column":43}}]},"28":{"loc":{"start":{"line":286,"column":4},"end":{"line":286,"column":41}},"type":"if","locations":[{"start":{"line":286,"column":4},"end":{"line":286,"column":41}}]},"29":{"loc":{"start":{"line":299,"column":28},"end":{"line":299,"column":57}},"type":"binary-expr","locations":[{"start":{"line":299,"column":28},"end":{"line":299,"column":51}},{"start":{"line":299,"column":55},"end":{"line":299,"column":57}}]},"30":{"loc":{"start":{"line":304,"column":28},"end":{"line":304,"column":93}},"type":"binary-expr","locations":[{"start":{"line":304,"column":28},"end":{"line":304,"column":59}},{"start":{"line":304,"column":63},"end":{"line":304,"column":93}}]},"31":{"loc":{"start":{"line":323,"column":4},"end":{"line":332,"column":5}},"type":"switch","locations":[{"start":{"line":324,"column":6},"end":{"line":325,"column":67}},{"start":{"line":326,"column":6},"end":{"line":327,"column":66}},{"start":{"line":328,"column":6},"end":{"line":329,"column":73}},{"start":{"line":330,"column":6},"end":{"line":331,"column":67}}]},"32":{"loc":{"start":{"line":338,"column":4},"end":{"line":359,"column":5}},"type":"switch","locations":[{"start":{"line":339,"column":6},"end":{"line":344,"column":10}},{"start":{"line":345,"column":6},"end":{"line":350,"column":10}},{"start":{"line":351,"column":6},"end":{"line":356,"column":10}},{"start":{"line":357,"column":6},"end":{"line":358,"column":52}}]},"33":{"loc":{"start":{"line":363,"column":4},"end":{"line":363,"column":48}},"type":"if","locations":[{"start":{"line":363,"column":4},"end":{"line":363,"column":48}}]},"34":{"loc":{"start":{"line":364,"column":4},"end":{"line":364,"column":51}},"type":"if","locations":[{"start":{"line":364,"column":4},"end":{"line":364,"column":51}}]},"35":{"loc":{"start":{"line":381,"column":4},"end":{"line":381,"column":53}},"type":"if","locations":[{"start":{"line":381,"column":4},"end":{"line":381,"column":53}}]},"36":{"loc":{"start":{"line":382,"column":4},"end":{"line":382,"column":54}},"type":"if","locations":[{"start":{"line":382,"column":4},"end":{"line":382,"column":54}}]},"37":{"loc":{"start":{"line":383,"column":4},"end":{"line":383,"column":54}},"type":"if","locations":[{"start":{"line":383,"column":4},"end":{"line":383,"column":54}}]}},"s":{"0":41,"1":41,"2":25,"3":25,"4":25,"5":25,"6":25,"7":25,"8":25,"9":7,"10":9,"11":9,"12":9,"13":43,"14":43,"15":43,"16":43,"17":43,"18":43,"19":43,"20":43,"21":43,"22":43,"23":43,"24":43,"25":1161,"26":43,"27":25,"28":10,"29":33,"30":15,"31":0,"32":33,"33":14,"34":1,"35":32,"36":11,"37":3,"38":29,"39":8,"40":6,"41":23,"42":43,"43":43,"44":2,"45":43,"46":1,"47":43,"48":43,"49":43,"50":186,"51":9,"52":43,"53":43,"54":43,"55":43,"56":43,"57":203,"58":3,"59":40,"60":189,"61":4,"62":36,"63":143,"64":4,"65":32,"66":28,"67":28,"68":28,"69":10,"70":10,"71":5,"72":10,"73":7,"74":1,"75":7,"76":7,"77":11,"78":11,"79":1,"80":11,"81":28,"82":29,"83":29,"84":29,"85":15,"86":15,"87":15,"88":8,"89":15,"90":29,"91":27,"92":27,"93":31,"94":17,"95":27,"96":9,"97":7,"98":7,"99":3,"100":3,"101":4,"102":27,"103":68,"104":12,"105":56,"106":24,"107":32,"108":3,"109":29,"110":0,"111":29,"112":29,"113":2,"114":27,"115":8,"116":19,"117":20,"118":20,"119":20,"120":15,"121":15,"122":15,"123":9,"124":9,"125":9,"126":9,"127":9,"128":4,"129":3,"130":2,"131":0,"132":9,"133":9,"134":4,"135":3,"136":2,"137":0,"138":25,"139":2,"140":23,"141":17,"142":6,"143":13,"144":13,"145":13,"146":13,"147":13,"148":13,"149":8,"150":5,"151":5,"152":0,"153":0,"154":0,"155":1},"f":{"0":41,"1":25,"2":7,"3":9,"4":43,"5":43,"6":1161,"7":43,"8":25,"9":15,"10":14,"11":11,"12":8,"13":43,"14":186,"15":43,"16":203,"17":189,"18":143,"19":28,"20":29,"21":15,"22":27,"23":31,"24":9,"25":68,"26":20,"27":15,"28":9,"29":9,"30":9,"31":25,"32":13},"b":{"0":[25,0],"1":[10],"2":[0],"3":[1],"4":[3],"5":[6],"6":[2],"7":[1],"8":[9],"9":[3],"10":[4],"11":[4],"12":[10,7,11],"13":[5],"14":[1],"15":[1],"16":[29,24],"17":[8],"18":[17],"19":[7],"20":[3,4],"21":[12],"22":[24],"23":[56,24],"24":[3],"25":[0],"26":[0,0],"27":[2],"28":[8],"29":[20,3],"30":[15,0],"31":[4,3,2,0],"32":[4,3,2,0],"33":[2],"34":[17],"35":[8],"36":[5],"37":[0]}}
,"/Users/emmahyde/personal/thinking-patterns/src/utils/prettyBox.ts": {"path":"/Users/emmahyde/personal/thinking-patterns/src/utils/prettyBox.ts","statementMap":{"0":{"start":{"line":125,"column":0},"end":{"line":125,"column":16}},"1":{"start":{"line":135,"column":0},"end":{"line":135,"column":16}},"2":{"start":{"line":164,"column":0},"end":{"line":164,"column":16}},"3":{"start":{"line":235,"column":0},"end":{"line":235,"column":16}},"4":{"start":{"line":267,"column":0},"end":{"line":267,"column":16}},"5":{"start":{"line":305,"column":0},"end":{"line":305,"column":16}},"6":{"start":{"line":309,"column":0},"end":{"line":309,"column":16}},"7":{"start":{"line":313,"column":0},"end":{"line":313,"column":16}},"8":{"start":{"line":317,"column":0},"end":{"line":317,"column":16}},"9":{"start":{"line":7,"column":13},"end":{"line":19,"column":11}},"10":{"start":{"line":24,"column":13},"end":{"line":34,"column":11}},"11":{"start":{"line":48,"column":13},"end":{"line":55,"column":2}},"12":{"start":{"line":62,"column":20},"end":{"line":62,"column":55}},"13":{"start":{"line":65,"column":14},"end":{"line":65,"column":15}},"14":{"start":{"line":66,"column":2},"end":{"line":74,"column":3}},"15":{"start":{"line":67,"column":17},"end":{"line":67,"column":36}},"16":{"start":{"line":68,"column":4},"end":{"line":73,"column":5}},"17":{"start":{"line":70,"column":6},"end":{"line":70,"column":17}},"18":{"start":{"line":72,"column":6},"end":{"line":72,"column":17}},"19":{"start":{"line":75,"column":2},"end":{"line":75,"column":15}},"20":{"start":{"line":82,"column":23},"end":{"line":82,"column":44}},"21":{"start":{"line":83,"column":18},"end":{"line":83,"column":51}},"22":{"start":{"line":84,"column":2},"end":{"line":84,"column":37}},"23":{"start":{"line":91,"column":2},"end":{"line":93,"column":3}},"24":{"start":{"line":92,"column":4},"end":{"line":92,"column":18}},"25":{"start":{"line":95,"column":16},"end":{"line":95,"column":31}},"26":{"start":{"line":96,"column":26},"end":{"line":96,"column":28}},"27":{"start":{"line":97,"column":20},"end":{"line":97,"column":22}},"28":{"start":{"line":99,"column":2},"end":{"line":113,"column":3}},"29":{"start":{"line":100,"column":21},"end":{"line":100,"column":66}},"30":{"start":{"line":102,"column":4},"end":{"line":112,"column":5}},"31":{"start":{"line":103,"column":6},"end":{"line":103,"column":29}},"32":{"start":{"line":105,"column":6},"end":{"line":111,"column":7}},"33":{"start":{"line":106,"column":8},"end":{"line":106,"column":32}},"34":{"start":{"line":107,"column":8},"end":{"line":107,"column":27}},"35":{"start":{"line":110,"column":8},"end":{"line":110,"column":57}},"36":{"start":{"line":115,"column":2},"end":{"line":117,"column":3}},"37":{"start":{"line":116,"column":4},"end":{"line":116,"column":28}},"38":{"start":{"line":119,"column":2},"end":{"line":119,"column":15}},"39":{"start":{"line":126,"column":21},"end":{"line":126,"column":57}},"40":{"start":{"line":127,"column":21},"end":{"line":127,"column":54}},"41":{"start":{"line":129,"column":2},"end":{"line":129,"column":65}},"42":{"start":{"line":140,"column":21},"end":{"line":140,"column":57}},"43":{"start":{"line":141,"column":26},"end":{"line":141,"column":28}},"44":{"start":{"line":144,"column":2},"end":{"line":144,"column":67}},"45":{"start":{"line":147,"column":23},"end":{"line":147,"column":67}},"46":{"start":{"line":149,"column":2},"end":{"line":156,"column":3}},"47":{"start":{"line":150,"column":4},"end":{"line":155,"column":5}},"48":{"start":{"line":151,"column":27},"end":{"line":151,"column":91}},"49":{"start":{"line":152,"column":6},"end":{"line":154,"column":7}},"50":{"start":{"line":153,"column":8},"end":{"line":153,"column":32}},"51":{"start":{"line":158,"column":2},"end":{"line":158,"column":26}},"52":{"start":{"line":169,"column":21},"end":{"line":169,"column":57}},"53":{"start":{"line":170,"column":26},"end":{"line":170,"column":28}},"54":{"start":{"line":173,"column":31},"end":{"line":173,"column":33}},"55":{"start":{"line":174,"column":2},"end":{"line":174,"column":25}},"56":{"start":{"line":177,"column":33},"end":{"line":177,"column":35}},"57":{"start":{"line":178,"column":2},"end":{"line":187,"column":3}},"58":{"start":{"line":179,"column":29},"end":{"line":179,"column":80}},"59":{"start":{"line":180,"column":29},"end":{"line":180,"column":57}},"60":{"start":{"line":181,"column":4},"end":{"line":181,"column":43}},"61":{"start":{"line":184,"column":4},"end":{"line":186,"column":5}},"62":{"start":{"line":185,"column":6},"end":{"line":185,"column":59}},"63":{"start":{"line":190,"column":26},"end":{"line":190,"column":70}},"64":{"start":{"line":191,"column":19},"end":{"line":193,"column":null}},"65":{"start":{"line":196,"column":21},"end":{"line":196,"column":33}},"66":{"start":{"line":199,"column":22},"end":{"line":199,"column":44}},"67":{"start":{"line":200,"column":16},"end":{"line":200,"column":28}},"68":{"start":{"line":203,"column":2},"end":{"line":203,"column":119}},"69":{"start":{"line":206,"column":22},"end":{"line":206,"column":72}},"70":{"start":{"line":207,"column":2},"end":{"line":207,"column":115}},"71":{"start":{"line":210,"column":2},"end":{"line":212,"column":3}},"72":{"start":{"line":211,"column":4},"end":{"line":211,"column":117}},"73":{"start":{"line":215,"column":2},"end":{"line":218,"column":3}},"74":{"start":{"line":216,"column":23},"end":{"line":216,"column":58}},"75":{"start":{"line":217,"column":4},"end":{"line":217,"column":116}},"76":{"start":{"line":221,"column":2},"end":{"line":224,"column":3}},"77":{"start":{"line":222,"column":22},"end":{"line":222,"column":49}},"78":{"start":{"line":223,"column":4},"end":{"line":223,"column":115}},"79":{"start":{"line":227,"column":2},"end":{"line":227,"column":125}},"80":{"start":{"line":229,"column":2},"end":{"line":229,"column":26}},"81":{"start":{"line":236,"column":21},"end":{"line":236,"column":57}},"82":{"start":{"line":237,"column":16},"end":{"line":237,"column":32}},"83":{"start":{"line":238,"column":19},"end":{"line":238,"column":58}},"84":{"start":{"line":239,"column":19},"end":{"line":241,"column":null}},"85":{"start":{"line":244,"column":27},"end":{"line":244,"column":29}},"86":{"start":{"line":245,"column":22},"end":{"line":245,"column":44}},"87":{"start":{"line":246,"column":16},"end":{"line":246,"column":28}},"88":{"start":{"line":247,"column":21},"end":{"line":247,"column":33}},"89":{"start":{"line":250,"column":2},"end":{"line":250,"column":120}},"90":{"start":{"line":253,"column":2},"end":{"line":256,"column":3}},"91":{"start":{"line":254,"column":23},"end":{"line":254,"column":58}},"92":{"start":{"line":255,"column":4},"end":{"line":255,"column":117}},"93":{"start":{"line":259,"column":2},"end":{"line":259,"column":126}},"94":{"start":{"line":261,"column":2},"end":{"line":261,"column":27}},"95":{"start":{"line":268,"column":2},"end":{"line":268,"column":28}},"96":{"start":{"line":274,"column":13},"end":{"line":300,"column":11}},"97":{"start":{"line":306,"column":2},"end":{"line":306,"column":48}},"98":{"start":{"line":310,"column":2},"end":{"line":310,"column":46}},"99":{"start":{"line":314,"column":2},"end":{"line":314,"column":48}},"100":{"start":{"line":318,"column":2},"end":{"line":318,"column":45}}},"fnMap":{"0":{"name":"getDisplayWidth","decl":{"start":{"line":60,"column":9},"end":{"line":60,"column":24}},"loc":{"start":{"line":60,"column":37},"end":{"line":76,"column":1}}},"1":{"name":"padToWidth","decl":{"start":{"line":81,"column":9},"end":{"line":81,"column":19}},"loc":{"start":{"line":81,"column":67},"end":{"line":85,"column":1}}},"2":{"name":"wrapText","decl":{"start":{"line":90,"column":9},"end":{"line":90,"column":17}},"loc":{"start":{"line":90,"column":45},"end":{"line":120,"column":1}}},"3":{"name":"formatHeader","decl":{"start":{"line":125,"column":16},"end":{"line":125,"column":28}},"loc":{"start":{"line":125,"column":90},"end":{"line":130,"column":1}}},"4":{"name":"formatSection","decl":{"start":{"line":135,"column":16},"end":{"line":135,"column":29}},"loc":{"start":{"line":138,"column":33},"end":{"line":159,"column":1}}},"5":{"name":"boxed","decl":{"start":{"line":164,"column":16},"end":{"line":164,"column":21}},"loc":{"start":{"line":167,"column":33},"end":{"line":230,"column":1}}},"6":{"name":"bordered","decl":{"start":{"line":235,"column":16},"end":{"line":235,"column":24}},"loc":{"start":{"line":235,"column":70},"end":{"line":262,"column":1}}},"7":{"name":"divider","decl":{"start":{"line":267,"column":16},"end":{"line":267,"column":23}},"loc":{"start":{"line":267,"column":78},"end":{"line":269,"column":1}}},"8":{"name":"successBox","decl":{"start":{"line":305,"column":16},"end":{"line":305,"column":26}},"loc":{"start":{"line":305,"column":85},"end":{"line":307,"column":1}}},"9":{"name":"errorBox","decl":{"start":{"line":309,"column":16},"end":{"line":309,"column":24}},"loc":{"start":{"line":309,"column":83},"end":{"line":311,"column":1}}},"10":{"name":"warningBox","decl":{"start":{"line":313,"column":16},"end":{"line":313,"column":26}},"loc":{"start":{"line":313,"column":85},"end":{"line":315,"column":1}}},"11":{"name":"infoBox","decl":{"start":{"line":317,"column":16},"end":{"line":317,"column":23}},"loc":{"start":{"line":317,"column":82},"end":{"line":319,"column":1}}}},"branchMap":{"0":{"loc":{"start":{"line":68,"column":4},"end":{"line":73,"column":5}},"type":"if","locations":[{"start":{"line":68,"column":4},"end":{"line":73,"column":5}},{"start":{"line":71,"column":11},"end":{"line":73,"column":5}}]},"1":{"loc":{"start":{"line":68,"column":8},"end":{"line":68,"column":30}},"type":"binary-expr","locations":[{"start":{"line":68,"column":8},"end":{"line":68,"column":12}},{"start":{"line":68,"column":16},"end":{"line":68,"column":30}}]},"2":{"loc":{"start":{"line":81,"column":49},"end":{"line":81,"column":67}},"type":"default-arg","locations":[{"start":{"line":81,"column":64},"end":{"line":81,"column":67}}]},"3":{"loc":{"start":{"line":91,"column":2},"end":{"line":93,"column":3}},"type":"if","locations":[{"start":{"line":91,"column":2},"end":{"line":93,"column":3}}]},"4":{"loc":{"start":{"line":100,"column":21},"end":{"line":100,"column":66}},"type":"cond-expr","locations":[{"start":{"line":100,"column":35},"end":{"line":100,"column":59}},{"start":{"line":100,"column":62},"end":{"line":100,"column":66}}]},"5":{"loc":{"start":{"line":102,"column":4},"end":{"line":112,"column":5}},"type":"if","locations":[{"start":{"line":102,"column":4},"end":{"line":112,"column":5}},{"start":{"line":104,"column":11},"end":{"line":112,"column":5}}]},"6":{"loc":{"start":{"line":105,"column":6},"end":{"line":111,"column":7}},"type":"if","locations":[{"start":{"line":105,"column":6},"end":{"line":111,"column":7}},{"start":{"line":108,"column":13},"end":{"line":111,"column":7}}]},"7":{"loc":{"start":{"line":115,"column":2},"end":{"line":117,"column":3}},"type":"if","locations":[{"start":{"line":115,"column":2},"end":{"line":117,"column":3}}]},"8":{"loc":{"start":{"line":125,"column":59},"end":{"line":125,"column":90}},"type":"default-arg","locations":[{"start":{"line":125,"column":88},"end":{"line":125,"column":90}}]},"9":{"loc":{"start":{"line":127,"column":21},"end":{"line":127,"column":54}},"type":"cond-expr","locations":[{"start":{"line":127,"column":29},"end":{"line":127,"column":47}},{"start":{"line":127,"column":50},"end":{"line":127,"column":54}}]},"10":{"loc":{"start":{"line":138,"column":2},"end":{"line":138,"column":33}},"type":"default-arg","locations":[{"start":{"line":138,"column":31},"end":{"line":138,"column":33}}]},"11":{"loc":{"start":{"line":147,"column":23},"end":{"line":147,"column":67}},"type":"cond-expr","locations":[{"start":{"line":147,"column":48},"end":{"line":147,"column":55}},{"start":{"line":147,"column":58},"end":{"line":147,"column":67}}]},"12":{"loc":{"start":{"line":150,"column":4},"end":{"line":155,"column":5}},"type":"if","locations":[{"start":{"line":150,"column":4},"end":{"line":155,"column":5}}]},"13":{"loc":{"start":{"line":167,"column":2},"end":{"line":167,"column":33}},"type":"default-arg","locations":[{"start":{"line":167,"column":31},"end":{"line":167,"column":33}}]},"14":{"loc":{"start":{"line":210,"column":2},"end":{"line":212,"column":3}},"type":"if","locations":[{"start":{"line":210,"column":2},"end":{"line":212,"column":3}}]},"15":{"loc":{"start":{"line":221,"column":2},"end":{"line":224,"column":3}},"type":"if","locations":[{"start":{"line":221,"column":2},"end":{"line":224,"column":3}}]},"16":{"loc":{"start":{"line":235,"column":39},"end":{"line":235,"column":70}},"type":"default-arg","locations":[{"start":{"line":235,"column":68},"end":{"line":235,"column":70}}]},"17":{"loc":{"start":{"line":267,"column":24},"end":{"line":267,"column":42}},"type":"default-arg","locations":[{"start":{"line":267,"column":40},"end":{"line":267,"column":42}}]},"18":{"loc":{"start":{"line":267,"column":44},"end":{"line":267,"column":78}},"type":"default-arg","locations":[{"start":{"line":267,"column":59},"end":{"line":267,"column":78}}]}},"s":{"0":1,"1":1,"2":1,"3":1,"4":1,"5":1,"6":1,"7":1,"8":1,"9":1,"10":1,"11":1,"12":6884,"13":6884,"14":6884,"15":270016,"16":270016,"17":11,"18":270005,"19":6884,"20":1519,"21":1519,"22":1519,"23":654,"24":550,"25":104,"26":104,"27":104,"28":104,"29":3211,"30":3211,"31":3005,"32":206,"33":205,"34":205,"35":1,"36":104,"37":103,"38":104,"39":27,"40":27,"41":27,"42":638,"43":638,"44":638,"45":638,"46":638,"47":655,"48":654,"49":654,"50":859,"51":638,"52":21,"53":21,"54":21,"55":21,"56":21,"57":21,"58":631,"59":631,"60":631,"61":631,"62":1479,"63":21,"64":21,"65":21,"66":21,"67":21,"68":21,"69":21,"70":21,"71":21,"72":19,"73":21,"74":1479,"75":1479,"76":21,"77":19,"78":19,"79":21,"80":21,"81":0,"82":0,"83":0,"84":0,"85":0,"86":0,"87":0,"88":0,"89":0,"90":0,"91":0,"92":0,"93":0,"94":0,"95":0,"96":1,"97":0,"98":0,"99":0,"100":0},"f":{"0":6884,"1":1519,"2":654,"3":27,"4":638,"5":21,"6":0,"7":0,"8":0,"9":0,"10":0,"11":0},"b":{"0":[11,270005],"1":[270016,270016],"2":[1519],"3":[550],"4":[3107,104],"5":[3005,206],"6":[205,1],"7":[103],"8":[27],"9":[3,24],"10":[7],"11":[9,629],"12":[654],"13":[18],"14":[19],"15":[19],"16":[0],"17":[0],"18":[0]}}
}
