TN:
SF:src/base/BaseToolServer.ts
FN:32,(anonymous_0)
FN:42,(anonymous_1)
FN:47,(anonymous_2)
FN:70,(anonymous_3)
FN:106,(anonymous_4)
FN:118,(anonymous_5)
FN:140,(anonymous_6)
FN:149,(anonymous_7)
FN:150,(anonymous_8)
FN:157,(anonymous_9)
FN:165,(anonymous_10)
FN:170,(anonymous_11)
FNF:12
FNH:12
FNDA:104,(anonymous_0)
FNDA:67,(anonymous_1)
FNDA:33,(anonymous_2)
FNDA:58,(anonymous_3)
FNDA:1,(anonymous_4)
FNDA:1,(anonymous_5)
FNDA:246,(anonymous_6)
FNDA:155,(anonymous_7)
FNDA:5114,(anonymous_8)
FNDA:8,(anonymous_9)
FNDA:11,(anonymous_10)
FNDA:109,(anonymous_11)
DA:1,3
DA:25,3
DA:33,104
DA:43,67
DA:44,67
DA:46,18
DA:47,18
DA:48,33
DA:50,18
DA:52,0
DA:71,58
DA:73,58
DA:76,47
DA:79,43
DA:87,15
DA:107,1
DA:119,1
DA:133,3
DA:134,3
DA:141,246
DA:150,5114
DA:158,8
DA:170,109
LF:23
LH:22
BRDA:46,0,0,18
BRDA:91,1,0,14
BRDA:91,1,1,1
BRDA:172,2,0,109
BRDA:172,2,1,3
BRF:5
BRH:5
end_of_record
TN:
SF:src/base/toolRegistry.ts
FN:9,(anonymous_0)
FN:13,(anonymous_1)
FN:32,initializeToolRegistry
FN:52,getToolDefinitions
FN:63,processToolRequest
FNF:5
FNH:0
FNDA:0,(anonymous_0)
FNDA:0,(anonymous_1)
FNDA:0,initializeToolRegistry
FNDA:0,getToolDefinitions
FNDA:0,processToolRequest
DA:10,0
DA:16,0
DA:34,0
DA:57,0
DA:67,0
DA:69,0
DA:70,0
DA:83,0
LF:8
LH:0
BRDA:69,0,0,0
BRF:1
BRH:0
end_of_record
TN:
SF:src/errors/CustomErrors.ts
FN:5,(anonymous_0)
FN:12,(anonymous_1)
FN:26,(anonymous_2)
FN:33,(anonymous_3)
FN:47,(anonymous_4)
FN:54,(anonymous_5)
FN:68,(anonymous_6)
FN:75,(anonymous_7)
FNF:8
FNH:8
FNDA:17,(anonymous_0)
FNDA:1,(anonymous_1)
FNDA:9,(anonymous_2)
FNDA:1,(anonymous_3)
FNDA:12,(anonymous_4)
FNDA:1,(anonymous_5)
FNDA:13,(anonymous_6)
FNDA:1,(anonymous_7)
DA:1,1
DA:6,17
DA:7,17
DA:8,17
DA:9,17
DA:13,1
DA:22,1
DA:27,9
DA:28,9
DA:29,9
DA:30,9
DA:34,1
DA:43,1
DA:48,12
DA:49,12
DA:50,12
DA:51,12
DA:55,1
DA:64,1
DA:69,13
DA:70,13
DA:71,13
DA:72,13
DA:76,1
LF:24
LH:24
BRDA:9,0,0,1
BRDA:9,0,1,16
BRDA:9,1,0,9
BRDA:9,1,1,7
BRDA:47,2,0,3
BRDA:72,3,0,1
BRDA:72,3,1,12
BRDA:72,4,0,6
BRDA:72,4,1,6
BRF:9
BRH:9
end_of_record
TN:
SF:src/schemas/ThoughtSchema.ts
FNF:0
FNH:0
DA:1,4
DA:4,4
DA:13,4
DA:21,4
DA:28,4
DA:35,4
DA:52,4
LF:7
LH:7
BRF:0
BRH:0
end_of_record
TN:
SF:src/servers/DebuggingApproachServer.ts
FN:13,(anonymous_0)
FN:22,(anonymous_1)
FN:41,(anonymous_2)
FN:59,(anonymous_3)
FN:77,(anonymous_4)
FNF:5
FNH:0
FNDA:0,(anonymous_0)
FNDA:0,(anonymous_1)
FNDA:0,(anonymous_2)
FNDA:0,(anonymous_3)
FNDA:0,(anonymous_4)
DA:14,0
DA:16,0
DA:17,0
DA:19,0
DA:20,0
DA:22,0
DA:23,0
DA:25,0
DA:26,0
DA:28,0
DA:29,0
DA:32,0
DA:42,0
DA:43,0
DA:46,0
DA:47,0
DA:52,0
DA:55,0
DA:56,0
DA:57,0
DA:59,0
DA:60,0
DA:63,0
DA:67,0
DA:68,0
DA:71,0
DA:72,0
DA:74,0
DA:82,0
DA:83,0
DA:84,0
DA:86,0
DA:88,0
DA:93,0
DA:94,0
DA:96,0
LF:36
LH:0
BRDA:16,0,0,0
BRDA:16,1,0,0
BRDA:16,1,1,0
BRDA:19,2,0,0
BRDA:19,3,0,0
BRDA:19,3,1,0
BRDA:22,4,0,0
BRDA:22,5,0,0
BRDA:22,5,1,0
BRDA:25,6,0,0
BRDA:25,7,0,0
BRDA:25,7,1,0
BRDA:28,8,0,0
BRDA:28,9,0,0
BRDA:28,9,1,0
BRDA:55,10,0,0
BRDA:93,11,0,0
BRDA:93,11,1,0
BRF:18
BRH:0
end_of_record
TN:
SF:src/servers/MentalModelServer.ts
FN:13,(anonymous_0)
FN:22,(anonymous_1)
FN:41,(anonymous_2)
FN:59,(anonymous_3)
FN:77,(anonymous_4)
FNF:5
FNH:0
FNDA:0,(anonymous_0)
FNDA:0,(anonymous_1)
FNDA:0,(anonymous_2)
FNDA:0,(anonymous_3)
FNDA:0,(anonymous_4)
DA:14,0
DA:16,0
DA:17,0
DA:19,0
DA:20,0
DA:22,0
DA:23,0
DA:25,0
DA:26,0
DA:28,0
DA:29,0
DA:32,0
DA:42,0
DA:43,0
DA:46,0
DA:47,0
DA:52,0
DA:55,0
DA:56,0
DA:57,0
DA:59,0
DA:60,0
DA:63,0
DA:67,0
DA:68,0
DA:71,0
DA:72,0
DA:74,0
DA:82,0
DA:83,0
DA:84,0
DA:86,0
DA:88,0
DA:93,0
DA:94,0
DA:96,0
LF:36
LH:0
BRDA:16,0,0,0
BRDA:16,1,0,0
BRDA:16,1,1,0
BRDA:19,2,0,0
BRDA:19,3,0,0
BRDA:19,3,1,0
BRDA:22,4,0,0
BRDA:22,5,0,0
BRDA:22,5,1,0
BRDA:25,6,0,0
BRDA:25,7,0,0
BRDA:25,7,1,0
BRDA:28,8,0,0
BRDA:28,9,0,0
BRDA:28,9,1,0
BRDA:55,10,0,0
BRDA:93,11,0,0
BRDA:93,11,1,0
BRF:18
BRH:0
end_of_record
TN:
SF:src/servers/ScientificMethodServer.ts
FN:58,(anonymous_0)
FN:83,(anonymous_1)
FN:159,(anonymous_2)
FN:184,(anonymous_3)
FN:198,(anonymous_4)
FN:207,(anonymous_5)
FN:216,(anonymous_6)
FN:243,(anonymous_7)
FN:257,(anonymous_8)
FN:266,(anonymous_9)
FN:275,(anonymous_10)
FN:284,(anonymous_11)
FN:293,(anonymous_12)
FNF:13
FNH:0
FNDA:0,(anonymous_0)
FNDA:0,(anonymous_1)
FNDA:0,(anonymous_2)
FNDA:0,(anonymous_3)
FNDA:0,(anonymous_4)
FNDA:0,(anonymous_5)
FNDA:0,(anonymous_6)
FNDA:0,(anonymous_7)
FNDA:0,(anonymous_8)
FNDA:0,(anonymous_9)
FNDA:0,(anonymous_10)
FNDA:0,(anonymous_11)
FNDA:0,(anonymous_12)
DA:59,0
DA:61,0
DA:62,0
DA:65,0
DA:66,0
DA:67,0
DA:70,0
DA:71,0
DA:73,0
DA:74,0
DA:76,0
DA:77,0
DA:80,0
DA:84,0
DA:94,0
DA:95,0
DA:98,0
DA:99,0
DA:106,0
DA:109,0
DA:111,0
DA:112,0
DA:113,0
DA:115,0
DA:118,0
DA:119,0
DA:120,0
DA:122,0
DA:125,0
DA:126,0
DA:128,0
DA:131,0
DA:132,0
DA:134,0
DA:137,0
DA:138,0
DA:139,0
DA:141,0
DA:144,0
DA:145,0
DA:146,0
DA:148,0
DA:151,0
DA:152,0
DA:153,0
DA:156,0
DA:160,0
DA:163,0
DA:164,0
DA:173,0
DA:174,0
DA:177,0
DA:180,0
DA:181,0
DA:182,0
DA:184,0
DA:185,0
DA:192,0
DA:196,0
DA:197,0
DA:198,0
DA:199,0
DA:201,0
DA:205,0
DA:206,0
DA:207,0
DA:208,0
DA:210,0
DA:213,0
DA:217,0
DA:220,0
DA:221,0
DA:228,0
DA:229,0
DA:232,0
DA:233,0
DA:236,0
DA:239,0
DA:240,0
DA:241,0
DA:243,0
DA:244,0
DA:251,0
DA:255,0
DA:256,0
DA:257,0
DA:258,0
DA:260,0
DA:264,0
DA:265,0
DA:266,0
DA:267,0
DA:269,0
DA:273,0
DA:274,0
DA:275,0
DA:276,0
DA:278,0
DA:282,0
DA:283,0
DA:284,0
DA:285,0
DA:287,0
DA:290,0
DA:298,0
DA:299,0
DA:300,0
DA:302,0
DA:304,0
DA:309,0
DA:310,0
DA:312,0
LF:112
LH:0
BRDA:61,0,0,0
BRDA:61,1,0,0
BRDA:61,1,1,0
BRDA:66,2,0,0
BRDA:70,3,0,0
BRDA:70,4,0,0
BRDA:70,4,1,0
BRDA:73,5,0,0
BRDA:73,6,0,0
BRDA:73,6,1,0
BRDA:76,7,0,0
BRDA:104,8,0,0
BRDA:104,8,1,0
BRDA:109,9,0,0
BRDA:109,9,1,0
BRDA:109,9,2,0
BRDA:109,9,3,0
BRDA:109,9,4,0
BRDA:109,9,5,0
BRDA:109,9,6,0
BRDA:111,10,0,0
BRDA:118,11,0,0
BRDA:125,12,0,0
BRDA:131,13,0,0
BRDA:137,14,0,0
BRDA:144,15,0,0
BRDA:173,16,0,0
BRDA:180,17,0,0
BRDA:188,18,0,0
BRDA:188,18,1,0
BRDA:196,19,0,0
BRDA:205,20,0,0
BRDA:205,21,0,0
BRDA:205,21,1,0
BRDA:228,22,0,0
BRDA:232,23,0,0
BRDA:233,24,0,0
BRDA:233,24,1,0
BRDA:239,25,0,0
BRDA:247,26,0,0
BRDA:247,26,1,0
BRDA:255,27,0,0
BRDA:264,28,0,0
BRDA:264,29,0,0
BRDA:264,29,1,0
BRDA:273,30,0,0
BRDA:273,31,0,0
BRDA:273,31,1,0
BRDA:282,32,0,0
BRDA:282,33,0,0
BRDA:282,33,1,0
BRDA:309,34,0,0
BRDA:309,34,1,0
BRF:53
BRH:0
end_of_record
TN:
SF:src/servers/SequentialThinkingServer.ts
FN:19,(anonymous_0)
FN:23,(anonymous_1)
FN:56,(anonymous_2)
FN:65,(anonymous_3)
FN:106,(anonymous_4)
FN:128,(anonymous_5)
FN:144,(anonymous_6)
FN:212,(anonymous_7)
FN:231,(anonymous_8)
FN:236,(anonymous_9)
FNF:10
FNH:0
FNDA:0,(anonymous_0)
FNDA:0,(anonymous_1)
FNDA:0,(anonymous_2)
FNDA:0,(anonymous_3)
FNDA:0,(anonymous_4)
FNDA:0,(anonymous_5)
FNDA:0,(anonymous_6)
FNDA:0,(anonymous_7)
FNDA:0,(anonymous_8)
FNDA:0,(anonymous_9)
DA:7,0
DA:20,0
DA:24,0
DA:26,0
DA:27,0
DA:29,0
DA:30,0
DA:32,0
DA:33,0
DA:35,0
DA:36,0
DA:39,0
DA:57,0
DA:67,0
DA:69,0
DA:70,0
DA:72,0
DA:73,0
DA:74,0
DA:75,0
DA:76,0
DA:77,0
DA:79,0
DA:80,0
DA:83,0
DA:84,0
DA:86,0
DA:93,0
DA:94,0
DA:101,0
DA:102,0
DA:106,0
DA:107,0
DA:108,0
DA:109,0
DA:110,0
DA:114,0
DA:117,0
DA:123,0
DA:124,0
DA:128,0
DA:129,0
DA:132,0
DA:138,0
DA:141,0
DA:149,0
DA:150,0
DA:153,0
DA:154,0
DA:158,0
DA:159,0
DA:160,0
DA:171,0
DA:172,0
DA:175,0
DA:191,0
DA:198,0
DA:214,0
DA:215,0
DA:216,0
DA:219,0
DA:220,0
DA:224,0
DA:225,0
DA:226,0
DA:227,0
DA:232,0
DA:242,0
DA:243,0
LF:69
LH:0
BRDA:26,0,0,0
BRDA:26,1,0,0
BRDA:26,1,1,0
BRDA:29,2,0,0
BRDA:29,3,0,0
BRDA:29,3,1,0
BRDA:32,4,0,0
BRDA:32,5,0,0
BRDA:32,5,1,0
BRDA:35,6,0,0
BRDA:59,7,0,0
BRDA:59,7,1,0
BRDA:72,8,0,0
BRDA:72,8,1,0
BRDA:75,9,0,0
BRDA:75,9,1,0
BRDA:93,10,0,0
BRDA:98,11,0,0
BRDA:98,11,1,0
BRDA:101,12,0,0
BRDA:114,13,0,0
BRDA:114,13,1,0
BRDA:123,14,0,0
BRDA:129,15,0,0
BRDA:129,15,1,0
BRDA:153,16,0,0
BRDA:158,17,0,0
BRDA:180,18,0,0
BRDA:180,18,1,0
BRDA:186,19,0,0
BRDA:186,19,1,0
BRDA:202,20,0,0
BRDA:202,20,1,0
BRDA:214,21,0,0
BRDA:215,22,0,0
BRDA:215,23,0,0
BRDA:215,23,1,0
BRDA:216,24,0,0
BRDA:219,25,0,0
BRDA:220,26,0,0
BRDA:220,26,1,0
BRDA:225,27,0,0
BRDA:226,28,0,0
BRF:43
BRH:0
end_of_record
TN:
SF:src/servers/StochasticAlgorithmServer.ts
FN:18,(anonymous_0)
FN:55,(anonymous_1)
FN:85,(anonymous_2)
FN:108,(anonymous_3)
FN:129,(anonymous_4)
FN:150,(anonymous_5)
FN:171,(anonymous_6)
FNF:7
FNH:0
FNDA:0,(anonymous_0)
FNDA:0,(anonymous_1)
FNDA:0,(anonymous_2)
FNDA:0,(anonymous_3)
FNDA:0,(anonymous_4)
FNDA:0,(anonymous_5)
FNDA:0,(anonymous_6)
DA:19,0
DA:20,0
DA:22,0
DA:23,0
DA:29,0
DA:30,0
DA:31,0
DA:37,0
DA:39,0
DA:48,0
DA:56,0
DA:58,0
DA:59,0
DA:60,0
DA:62,0
DA:64,0
DA:65,0
DA:67,0
DA:68,0
DA:70,0
DA:71,0
DA:73,0
DA:74,0
DA:76,0
DA:77,0
DA:79,0
DA:82,0
DA:86,0
DA:87,0
DA:89,0
DA:90,0
DA:91,0
DA:92,0
DA:93,0
DA:95,0
DA:96,0
DA:97,0
DA:98,0
DA:99,0
DA:100,0
DA:101,0
DA:102,0
DA:103,0
DA:105,0
DA:109,0
DA:110,0
DA:112,0
DA:113,0
DA:114,0
DA:115,0
DA:117,0
DA:118,0
DA:119,0
DA:120,0
DA:121,0
DA:122,0
DA:123,0
DA:124,0
DA:126,0
DA:130,0
DA:131,0
DA:133,0
DA:134,0
DA:135,0
DA:136,0
DA:138,0
DA:139,0
DA:140,0
DA:141,0
DA:142,0
DA:143,0
DA:144,0
DA:145,0
DA:147,0
DA:151,0
DA:152,0
DA:154,0
DA:155,0
DA:156,0
DA:157,0
DA:159,0
DA:160,0
DA:161,0
DA:162,0
DA:163,0
DA:164,0
DA:165,0
DA:166,0
DA:168,0
DA:172,0
DA:173,0
DA:175,0
DA:176,0
DA:177,0
DA:178,0
DA:179,0
DA:181,0
DA:182,0
DA:183,0
DA:184,0
DA:185,0
DA:186,0
DA:187,0
DA:188,0
DA:190,0
LF:105
LH:0
BRDA:22,0,0,0
BRDA:22,1,0,0
BRDA:22,1,1,0
BRDA:30,2,0,0
BRDA:49,3,0,0
BRDA:49,3,1,0
BRDA:62,4,0,0
BRDA:62,4,1,0
BRDA:62,4,2,0
BRDA:62,4,3,0
BRDA:62,4,4,0
BRDA:62,4,5,0
BRDA:89,5,0,0
BRDA:89,5,1,0
BRDA:90,6,0,0
BRDA:90,6,1,0
BRDA:91,7,0,0
BRDA:91,7,1,0
BRDA:92,8,0,0
BRDA:92,8,1,0
BRDA:93,9,0,0
BRDA:93,9,1,0
BRDA:112,10,0,0
BRDA:112,10,1,0
BRDA:113,11,0,0
BRDA:113,11,1,0
BRDA:114,12,0,0
BRDA:114,12,1,0
BRDA:115,13,0,0
BRDA:115,13,1,0
BRDA:133,14,0,0
BRDA:133,14,1,0
BRDA:134,15,0,0
BRDA:134,15,1,0
BRDA:135,16,0,0
BRDA:135,16,1,0
BRDA:136,17,0,0
BRDA:136,17,1,0
BRDA:154,18,0,0
BRDA:154,18,1,0
BRDA:155,19,0,0
BRDA:155,19,1,0
BRDA:156,20,0,0
BRDA:156,20,1,0
BRDA:157,21,0,0
BRDA:157,21,1,0
BRDA:175,22,0,0
BRDA:175,22,1,0
BRDA:176,23,0,0
BRDA:176,23,1,0
BRDA:177,24,0,0
BRDA:177,24,1,0
BRDA:178,25,0,0
BRDA:178,25,1,0
BRDA:179,26,0,0
BRDA:179,26,1,0
BRF:56
BRH:0
end_of_record
TN:
SF:src/services/ServerRegistry.ts
FN:27,(anonymous_0)
FN:31,(anonymous_1)
FN:34,(anonymous_2)
FN:38,(anonymous_3)
FN:42,(anonymous_4)
FN:47,(anonymous_5)
FN:51,(anonymous_6)
FN:55,(anonymous_7)
FN:59,(anonymous_8)
FN:63,(anonymous_9)
FN:67,(anonymous_10)
FN:88,(anonymous_11)
FN:101,(anonymous_12)
FN:105,(anonymous_13)
FNF:14
FNH:0
FNDA:0,(anonymous_0)
FNDA:0,(anonymous_1)
FNDA:0,(anonymous_2)
FNDA:0,(anonymous_3)
FNDA:0,(anonymous_4)
FNDA:0,(anonymous_5)
FNDA:0,(anonymous_6)
FNDA:0,(anonymous_7)
FNDA:0,(anonymous_8)
FNDA:0,(anonymous_9)
FNDA:0,(anonymous_10)
FNDA:0,(anonymous_11)
FNDA:0,(anonymous_12)
FNDA:0,(anonymous_13)
DA:25,0
DA:28,0
DA:33,0
DA:34,0
DA:37,0
DA:38,0
DA:41,0
DA:42,0
DA:46,0
DA:47,0
DA:50,0
DA:51,0
DA:56,0
DA:60,0
DA:64,0
DA:68,0
DA:70,0
DA:71,0
DA:77,0
DA:78,0
DA:80,0
DA:81,0
DA:89,0
DA:102,0
DA:106,0
LF:25
LH:0
BRDA:70,0,0,0
BRDA:80,1,0,0
BRDA:80,1,1,0
BRF:3
BRH:0
end_of_record
TN:
SF:src/services/SessionManager.ts
FN:36,(anonymous_0)
FN:38,(anonymous_1)
FN:43,(anonymous_2)
FN:53,(anonymous_3)
FN:62,(anonymous_4)
FN:66,(anonymous_5)
FN:87,(anonymous_6)
FN:96,(anonymous_7)
FN:109,(anonymous_8)
FN:114,(anonymous_9)
FN:119,(anonymous_10)
FN:127,(anonymous_11)
FN:131,(anonymous_12)
FNF:13
FNH:13
FNDA:39,(anonymous_0)
FNDA:2,(anonymous_1)
FNDA:34,(anonymous_2)
FNDA:58,(anonymous_3)
FNDA:4,(anonymous_4)
FNDA:6,(anonymous_5)
FNDA:12,(anonymous_6)
FNDA:9,(anonymous_7)
FNDA:4,(anonymous_8)
FNDA:2,(anonymous_9)
FNDA:40,(anonymous_10)
FNDA:13,(anonymous_11)
FNDA:3,(anonymous_12)
DA:31,1
DA:32,39
DA:33,39
DA:38,39
DA:39,2
DA:44,34
DA:45,34
DA:54,58
DA:55,58
DA:56,47
DA:57,47
DA:59,11
DA:63,4
DA:67,6
DA:68,6
DA:70,6
DA:71,6
DA:72,6
DA:73,3
DA:77,6
DA:78,3
DA:79,3
DA:82,6
DA:83,2
DA:88,12
DA:89,12
DA:90,2
DA:91,2
DA:93,12
DA:97,9
DA:98,9
DA:99,1
DA:100,1
DA:103,9
DA:104,8
DA:106,9
DA:110,4
DA:111,4
DA:115,2
DA:116,2
DA:120,40
DA:121,40
DA:123,40
DA:128,13
DA:132,3
DA:134,3
DA:135,3
DA:143,3
DA:148,1
LF:49
LH:49
BRDA:55,0,0,47
BRDA:72,1,0,3
BRDA:82,2,0,2
BRDA:89,3,0,2
BRDA:98,4,0,1
BRDA:103,5,0,8
BRDA:111,6,0,3
BRDA:111,6,1,1
BRDA:116,7,0,1
BRDA:116,7,1,1
BRDA:120,8,0,40
BRF:11
BRH:11
end_of_record
TN:
SF:src/services/ToolRecommendationEngine.ts
FN:3,(anonymous_0)
FN:24,(anonymous_1)
FN:58,(anonymous_2)
FN:62,(anonymous_3)
FN:82,(anonymous_4)
FN:96,(anonymous_5)
FN:108,(anonymous_6)
FN:111,(anonymous_7)
FN:112,(anonymous_8)
FN:113,(anonymous_9)
FN:114,(anonymous_10)
FN:115,(anonymous_11)
FN:116,(anonymous_12)
FN:120,(anonymous_13)
FN:132,(anonymous_14)
FN:137,(anonymous_15)
FN:142,(anonymous_16)
FN:143,(anonymous_17)
FN:144,(anonymous_18)
FN:149,(anonymous_19)
FN:214,(anonymous_20)
FN:221,(anonymous_21)
FN:241,(anonymous_22)
FN:249,(anonymous_23)
FN:256,(anonymous_24)
FN:272,(anonymous_25)
FN:290,(anonymous_26)
FN:303,(anonymous_27)
FN:309,(anonymous_28)
FN:320,(anonymous_29)
FN:335,(anonymous_30)
FN:362,(anonymous_31)
FN:368,(anonymous_32)
FNF:33
FNH:33
FNDA:41,(anonymous_0)
FNDA:25,(anonymous_1)
FNDA:7,(anonymous_2)
FNDA:9,(anonymous_3)
FNDA:43,(anonymous_4)
FNDA:43,(anonymous_5)
FNDA:1161,(anonymous_6)
FNDA:43,(anonymous_7)
FNDA:25,(anonymous_8)
FNDA:15,(anonymous_9)
FNDA:14,(anonymous_10)
FNDA:11,(anonymous_11)
FNDA:8,(anonymous_12)
FNDA:43,(anonymous_13)
FNDA:186,(anonymous_14)
FNDA:43,(anonymous_15)
FNDA:203,(anonymous_16)
FNDA:189,(anonymous_17)
FNDA:143,(anonymous_18)
FNDA:28,(anonymous_19)
FNDA:29,(anonymous_20)
FNDA:15,(anonymous_21)
FNDA:27,(anonymous_22)
FNDA:31,(anonymous_23)
FNDA:9,(anonymous_24)
FNDA:68,(anonymous_25)
FNDA:20,(anonymous_26)
FNDA:15,(anonymous_27)
FNDA:9,(anonymous_28)
FNDA:9,(anonymous_29)
FNDA:9,(anonymous_30)
FNDA:25,(anonymous_31)
FNDA:13,(anonymous_32)
DA:3,1
DA:4,41
DA:16,41
DA:30,25
DA:31,25
DA:34,25
DA:37,25
DA:44,25
DA:50,25
DA:57,25
DA:58,7
DA:68,9
DA:69,9
DA:71,9
DA:88,43
DA:89,43
DA:90,43
DA:91,43
DA:93,43
DA:97,43
DA:98,43
DA:99,43
DA:100,43
DA:101,43
DA:103,43
DA:108,1161
DA:112,43
DA:113,33
DA:114,33
DA:115,32
DA:116,29
DA:117,23
DA:121,43
DA:124,43
DA:125,43
DA:128,43
DA:131,43
DA:132,186
DA:134,43
DA:138,43
DA:139,43
DA:140,43
DA:142,203
DA:143,189
DA:144,143
DA:146,32
DA:154,28
DA:155,28
DA:157,28
DA:159,10
DA:166,10
DA:167,5
DA:174,10
DA:177,7
DA:178,1
DA:185,7
DA:191,7
DA:194,11
DA:200,11
DA:201,1
DA:208,11
DA:211,28
DA:218,29
DA:219,29
DA:221,29
DA:222,15
DA:223,15
DA:226,15
DA:227,8
DA:230,15
DA:238,29
DA:246,27
DA:249,27
DA:250,31
DA:251,17
DA:256,27
DA:257,9
DA:258,7
DA:259,7
DA:261,3
DA:262,3
DA:264,4
DA:269,27
DA:274,68
DA:275,56
DA:276,32
DA:279,29
DA:280,0
DA:284,29
DA:285,29
DA:286,27
DA:287,19
DA:291,20
DA:299,20
DA:300,20
DA:304,15
DA:305,15
DA:306,15
DA:310,9
DA:311,9
DA:317,9
DA:321,9
DA:323,9
DA:325,4
DA:327,3
DA:329,2
DA:331,0
DA:336,9
DA:338,9
DA:340,4
DA:346,3
DA:352,2
DA:358,0
DA:363,25
DA:364,23
DA:365,6
DA:369,13
DA:370,13
DA:376,13
DA:377,13
DA:379,13
DA:381,13
DA:382,5
DA:383,0
DA:384,0
LF:125
LH:120
BRDA:45,0,0,25
BRDA:45,0,1,0
BRDA:112,1,0,10
BRDA:113,2,0,0
BRDA:114,3,0,1
BRDA:115,4,0,3
BRDA:116,5,0,6
BRDA:124,6,0,2
BRDA:125,7,0,1
BRDA:132,8,0,9
BRDA:142,9,0,3
BRDA:143,10,0,4
BRDA:144,11,0,4
BRDA:157,12,0,10
BRDA:157,12,1,7
BRDA:157,12,2,11
BRDA:166,13,0,5
BRDA:177,14,0,1
BRDA:200,15,0,1
BRDA:218,16,0,29
BRDA:218,16,1,24
BRDA:226,17,0,8
BRDA:250,18,0,17
BRDA:257,19,0,7
BRDA:259,20,0,3
BRDA:259,20,1,4
BRDA:274,21,0,12
BRDA:275,22,0,24
BRDA:275,23,0,56
BRDA:275,23,1,24
BRDA:276,24,0,3
BRDA:279,25,0,0
BRDA:280,26,0,0
BRDA:280,26,1,0
BRDA:285,27,0,2
BRDA:286,28,0,8
BRDA:299,29,0,20
BRDA:299,29,1,3
BRDA:304,30,0,15
BRDA:304,30,1,0
BRDA:323,31,0,4
BRDA:323,31,1,3
BRDA:323,31,2,2
BRDA:323,31,3,0
BRDA:338,32,0,4
BRDA:338,32,1,3
BRDA:338,32,2,2
BRDA:338,32,3,0
BRDA:363,33,0,2
BRDA:364,34,0,17
BRDA:381,35,0,8
BRDA:382,36,0,5
BRDA:383,37,0,0
BRF:53
BRH:44
end_of_record
TN:
SF:src/utils/prettyBox.ts
FN:60,getDisplayWidth
FN:81,padToWidth
FN:90,wrapText
FN:125,formatHeader
FN:135,formatSection
FN:164,boxed
FN:235,bordered
FN:267,divider
FN:305,successBox
FN:309,errorBox
FN:313,warningBox
FN:317,infoBox
FNF:12
FNH:6
FNDA:6884,getDisplayWidth
FNDA:1519,padToWidth
FNDA:654,wrapText
FNDA:27,formatHeader
FNDA:638,formatSection
FNDA:21,boxed
FNDA:0,bordered
FNDA:0,divider
FNDA:0,successBox
FNDA:0,errorBox
FNDA:0,warningBox
FNDA:0,infoBox
DA:7,1
DA:24,1
DA:48,1
DA:62,6884
DA:65,6884
DA:66,6884
DA:67,270016
DA:68,270016
DA:70,11
DA:72,270005
DA:75,6884
DA:82,1519
DA:83,1519
DA:84,1519
DA:91,654
DA:92,550
DA:95,104
DA:96,104
DA:97,104
DA:99,104
DA:100,3211
DA:102,3211
DA:103,3005
DA:105,206
DA:106,205
DA:107,205
DA:110,1
DA:115,104
DA:116,103
DA:119,104
DA:125,1
DA:126,27
DA:127,27
DA:129,27
DA:135,1
DA:140,638
DA:141,638
DA:144,638
DA:147,638
DA:149,638
DA:150,655
DA:151,654
DA:152,654
DA:153,859
DA:158,638
DA:164,1
DA:169,21
DA:170,21
DA:173,21
DA:174,21
DA:177,21
DA:178,21
DA:179,631
DA:180,631
DA:181,631
DA:184,631
DA:185,1479
DA:190,21
DA:191,21
DA:196,21
DA:199,21
DA:200,21
DA:203,21
DA:206,21
DA:207,21
DA:210,21
DA:211,19
DA:215,21
DA:216,1479
DA:217,1479
DA:221,21
DA:222,19
DA:223,19
DA:227,21
DA:229,21
DA:235,1
DA:236,0
DA:237,0
DA:238,0
DA:239,0
DA:244,0
DA:245,0
DA:246,0
DA:247,0
DA:250,0
DA:253,0
DA:254,0
DA:255,0
DA:259,0
DA:261,0
DA:267,1
DA:268,0
DA:274,1
DA:305,1
DA:306,0
DA:309,1
DA:310,0
DA:313,1
DA:314,0
DA:317,1
DA:318,0
LF:101
LH:82
BRDA:68,0,0,11
BRDA:68,0,1,270005
BRDA:68,1,0,270016
BRDA:68,1,1,270016
BRDA:81,2,0,1519
BRDA:91,3,0,550
BRDA:100,4,0,3107
BRDA:100,4,1,104
BRDA:102,5,0,3005
BRDA:102,5,1,206
BRDA:105,6,0,205
BRDA:105,6,1,1
BRDA:115,7,0,103
BRDA:125,8,0,27
BRDA:127,9,0,3
BRDA:127,9,1,24
BRDA:138,10,0,7
BRDA:147,11,0,9
BRDA:147,11,1,629
BRDA:150,12,0,654
BRDA:167,13,0,18
BRDA:210,14,0,19
BRDA:221,15,0,19
BRDA:235,16,0,0
BRDA:267,17,0,0
BRDA:267,18,0,0
BRF:26
BRH:23
end_of_record
